1627386204000	mozrunner::runner	INFO	Running command: "/Applications/Firefox.app/Contents/MacOS/firefox-bin" "-marionette" "-foreground" "-no-remote" "-profile" "/var/folders/dj/r_d53pv97qn6cb7zp_63kxxh0000gn/T/rust_mozprofile.2LL57K9smWLU"
1627386204766	Marionette	INFO	Marionette enabled
2021-07-27 12:43:25.482 firefox-bin[1551:52286] Warning: Expected min height of view: (<NSButton: 0x133f98800>) to be less than or equal to 30 but got a height of 32.000000. This error will be logged once per view in violation.
2021-07-27 12:43:25.483 firefox-bin[1551:52286] Warning: Expected min height of view: (<NSButton: 0x133f99c00>) to be less than or equal to 30 but got a height of 32.000000. This error will be logged once per view in violation.
2021-07-27 12:43:25.484 firefox-bin[1551:52286] Warning: Expected min height of view: (<NSButton: 0x133f96400>) to be less than or equal to 30 but got a height of 32.000000. This error will be logged once per view in violation.
2021-07-27 12:43:25.484 firefox-bin[1551:52286] Warning: Expected min height of view: (<NSButton: 0x133f98400>) to be less than or equal to 30 but got a height of 32.000000. This error will be logged once per view in violation.
2021-07-27 12:43:25.485 firefox-bin[1551:52286] Warning: Expected min height of view: (<NSButton: 0x133f95c00>) to be less than or equal to 30 but got a height of 32.000000. This error will be logged once per view in violation.
2021-07-27 12:43:25.486 firefox-bin[1551:52286] Warning: Expected min height of view: (<NSPopoverTouchBarItemButton: 0x133f98000>) to be less than or equal to 30 but got a height of 32.000000. This error will be logged once per view in violation.
2021-07-27 12:43:25.486 firefox-bin[1551:52286] Warning: Expected min height of view: (<NSPopoverTouchBarItemButton: 0x134096400>) to be less than or equal to 30 but got a height of 32.000000. This error will be logged once per view in violation.
console.warn: SearchSettings: "get: No settings file exists, new profile?" (new NotFoundError("Could not open the file at /var/folders/dj/r_d53pv97qn6cb7zp_63kxxh0000gn/T/rust_mozprofile.2LL57K9smWLU/search.json.mozlz4", (void 0)))
1627386206707	Marionette	INFO	Listening on port 49868
1627386206785	Marionette	WARN	TLS certificate errors will be ignored for this session
console.warn: LoginRecipes: "getRecipes: falling back to a synchronous message for:" "https://fantasy.premierleague.com"
JavaScript error: resource://devtools/server/actors/network-monitor/network-event-actor.js, line 108: Error: Got a request https://fonts.googleapis.com/css2?family=Roboto:wght@500&display=swap without a browsingContextID set
1627386489242	Marionette	INFO	Stopped listening on port 49868

###!!! [Parent][RunMessage] Error: Channel closing: too late to send/recv, messages will be lost

1627386895385	mozrunner::runner	INFO	Running command: "/Applications/Firefox.app/Contents/MacOS/firefox-bin" "-marionette" "-foreground" "-no-remote" "-profile" "/var/folders/dj/r_d53pv97qn6cb7zp_63kxxh0000gn/T/rust_mozprofile.C8D2It1gsLTs"
1627386895892	Marionette	INFO	Marionette enabled
2021-07-27 12:54:56.600 firefox-bin[1728:64716] Warning: Expected min height of view: (<NSButton: 0x126074c00>) to be less than or equal to 30 but got a height of 32.000000. This error will be logged once per view in violation.
2021-07-27 12:54:56.601 firefox-bin[1728:64716] Warning: Expected min height of view: (<NSButton: 0x132ecfc00>) to be less than or equal to 30 but got a height of 32.000000. This error will be logged once per view in violation.
2021-07-27 12:54:56.601 firefox-bin[1728:64716] Warning: Expected min height of view: (<NSButton: 0x132ec9400>) to be less than or equal to 30 but got a height of 32.000000. This error will be logged once per view in violation.
2021-07-27 12:54:56.602 firefox-bin[1728:64716] Warning: Expected min height of view: (<NSButton: 0x132ecb800>) to be less than or equal to 30 but got a height of 32.000000. This error will be logged once per view in violation.
2021-07-27 12:54:56.603 firefox-bin[1728:64716] Warning: Expected min height of view: (<NSButton: 0x132ecc400>) to be less than or equal to 30 but got a height of 32.000000. This error will be logged once per view in violation.
2021-07-27 12:54:56.603 firefox-bin[1728:64716] Warning: Expected min height of view: (<NSPopoverTouchBarItemButton: 0x132ec9000>) to be less than or equal to 30 but got a height of 32.000000. This error will be logged once per view in violation.
2021-07-27 12:54:56.604 firefox-bin[1728:64716] Warning: Expected min height of view: (<NSPopoverTouchBarItemButton: 0x1331b5c00>) to be less than or equal to 30 but got a height of 32.000000. This error will be logged once per view in violation.
console.warn: SearchSettings: "get: No settings file exists, new profile?" (new NotFoundError("Could not open the file at /var/folders/dj/r_d53pv97qn6cb7zp_63kxxh0000gn/T/rust_mozprofile.C8D2It1gsLTs/search.json.mozlz4", (void 0)))
1627386898023	Marionette	INFO	Listening on port 50199
1627386898077	Marionette	WARN	TLS certificate errors will be ignored for this session
1627386928460	Marionette	INFO	Stopped listening on port 50199

###!!! [Parent][RunMessage] Error: Channel closing: too late to send/recv, messages will be lost

1627387084502	mozrunner::runner	INFO	Running command: "/Applications/Firefox.app/Contents/MacOS/firefox-bin" "-marionette" "-foreground" "-no-remote" "-profile" "/var/folders/dj/r_d53pv97qn6cb7zp_63kxxh0000gn/T/rust_mozprofile.UpV1XqwjcqQN"
1627387085082	Marionette	INFO	Marionette enabled
2021-07-27 12:58:05.746 firefox-bin[1772:67656] Warning: Expected min height of view: (<NSButton: 0x130e2a800>) to be less than or equal to 30 but got a height of 32.000000. This error will be logged once per view in violation.
2021-07-27 12:58:05.746 firefox-bin[1772:67656] Warning: Expected min height of view: (<NSButton: 0x130e2f800>) to be less than or equal to 30 but got a height of 32.000000. This error will be logged once per view in violation.
2021-07-27 12:58:05.747 firefox-bin[1772:67656] Warning: Expected min height of view: (<NSButton: 0x130e2fc00>) to be less than or equal to 30 but got a height of 32.000000. This error will be logged once per view in violation.
2021-07-27 12:58:05.748 firefox-bin[1772:67656] Warning: Expected min height of view: (<NSButton: 0x130e2b400>) to be less than or equal to 30 but got a height of 32.000000. This error will be logged once per view in violation.
2021-07-27 12:58:05.748 firefox-bin[1772:67656] Warning: Expected min height of view: (<NSButton: 0x130e2b800>) to be less than or equal to 30 but got a height of 32.000000. This error will be logged once per view in violation.
2021-07-27 12:58:05.749 firefox-bin[1772:67656] Warning: Expected min height of view: (<NSPopoverTouchBarItemButton: 0x130e2d400>) to be less than or equal to 30 but got a height of 32.000000. This error will be logged once per view in violation.
2021-07-27 12:58:05.749 firefox-bin[1772:67656] Warning: Expected min height of view: (<NSPopoverTouchBarItemButton: 0x13106f400>) to be less than or equal to 30 but got a height of 32.000000. This error will be logged once per view in violation.
console.warn: SearchSettings: "get: No settings file exists, new profile?" (new NotFoundError("Could not open the file at /var/folders/dj/r_d53pv97qn6cb7zp_63kxxh0000gn/T/rust_mozprofile.UpV1XqwjcqQN/search.json.mozlz4", (void 0)))
1627387087021	Marionette	INFO	Listening on port 50403
1627387087075	Marionette	WARN	TLS certificate errors will be ignored for this session
JavaScript error: https://platform.twitter.com/widgets/widget_iframe.06c6ee58c3810956b7509218508c7b56.html?origin=https%3A%2F%2Ffantasy.premierleague.com, line 18: Error: Network error.
JavaScript error: resource:///actors/ContentMetaChild.jsm, line 179: InvalidStateError: JSWindowActorChild.sendAsyncMessage: JSWindowActorChild cannot send at the moment
1627387287799	Marionette	INFO	Stopped listening on port 50403

###!!! [Parent][RunMessage] Error: Channel closing: too late to send/recv, messages will be lost

1627388499133	mozrunner::runner	INFO	Running command: "/Applications/Firefox.app/Contents/MacOS/firefox-bin" "-marionette" "-foreground" "-no-remote" "-profile" "/var/folders/dj/r_d53pv97qn6cb7zp_63kxxh0000gn/T/rust_mozprofile.gFKOhmAjcH2O"
1627388504708	Marionette	INFO	Marionette enabled
2021-07-27 13:21:45.485 firefox-bin[2033:80489] Warning: Expected min height of view: (<NSButton: 0x12ff6cc00>) to be less than or equal to 30 but got a height of 32.000000. This error will be logged once per view in violation.
2021-07-27 13:21:45.486 firefox-bin[2033:80489] Warning: Expected min height of view: (<NSButton: 0x130306000>) to be less than or equal to 30 but got a height of 32.000000. This error will be logged once per view in violation.
2021-07-27 13:21:45.486 firefox-bin[2033:80489] Warning: Expected min height of view: (<NSButton: 0x130302400>) to be less than or equal to 30 but got a height of 32.000000. This error will be logged once per view in violation.
2021-07-27 13:21:45.487 firefox-bin[2033:80489] Warning: Expected min height of view: (<NSButton: 0x130303c00>) to be less than or equal to 30 but got a height of 32.000000. This error will be logged once per view in violation.
2021-07-27 13:21:45.488 firefox-bin[2033:80489] Warning: Expected min height of view: (<NSButton: 0x130307000>) to be less than or equal to 30 but got a height of 32.000000. This error will be logged once per view in violation.
2021-07-27 13:21:45.488 firefox-bin[2033:80489] Warning: Expected min height of view: (<NSPopoverTouchBarItemButton: 0x130304c00>) to be less than or equal to 30 but got a height of 32.000000. This error will be logged once per view in violation.
2021-07-27 13:21:45.489 firefox-bin[2033:80489] Warning: Expected min height of view: (<NSPopoverTouchBarItemButton: 0x12ff6c400>) to be less than or equal to 30 but got a height of 32.000000. This error will be logged once per view in violation.
console.warn: SearchSettings: "get: No settings file exists, new profile?" (new NotFoundError("Could not open the file at /var/folders/dj/r_d53pv97qn6cb7zp_63kxxh0000gn/T/rust_mozprofile.gFKOhmAjcH2O/search.json.mozlz4", (void 0)))
console.error: BackgroundUpdate: 
  _reasonsToNotScheduleUpdates: Failed to check for Maintenance Service Registry Key: [Exception... "Component returned failure code: 0x80004001 (NS_ERROR_NOT_IMPLEMENTED) [nsIUpdateProcessor.getServiceRegKeyExists]"  nsresult: "0x80004001 (NS_ERROR_NOT_IMPLEMENTED)"  location: "JS frame :: resource://gre/modules/BackgroundUpdate.jsm :: _reasonsToNotScheduleUpdates :: line 243"  data: no]
1627388507025	Marionette	INFO	Listening on port 51090
1627388525518	mozrunner::runner	INFO	Running command: "/Applications/Firefox.app/Contents/MacOS/firefox-bin" "-marionette" "-foreground" "-no-remote" "-profile" "/var/folders/dj/r_d53pv97qn6cb7zp_63kxxh0000gn/T/rust_mozprofile.f5mkIrEY9sZ9"
1627388525928	Marionette	INFO	Marionette enabled
2021-07-27 13:22:06.592 firefox-bin[2054:81351] Warning: Expected min height of view: (<NSButton: 0x12ddc6800>) to be less than or equal to 30 but got a height of 32.000000. This error will be logged once per view in violation.
2021-07-27 13:22:06.592 firefox-bin[2054:81351] Warning: Expected min height of view: (<NSButton: 0x12ddc1800>) to be less than or equal to 30 but got a height of 32.000000. This error will be logged once per view in violation.
2021-07-27 13:22:06.593 firefox-bin[2054:81351] Warning: Expected min height of view: (<NSButton: 0x12ddc3c00>) to be less than or equal to 30 but got a height of 32.000000. This error will be logged once per view in violation.
2021-07-27 13:22:06.593 firefox-bin[2054:81351] Warning: Expected min height of view: (<NSButton: 0x12ddc4000>) to be less than or equal to 30 but got a height of 32.000000. This error will be logged once per view in violation.
2021-07-27 13:22:06.594 firefox-bin[2054:81351] Warning: Expected min height of view: (<NSButton: 0x12ddc7000>) to be less than or equal to 30 but got a height of 32.000000. This error will be logged once per view in violation.
2021-07-27 13:22:06.595 firefox-bin[2054:81351] Warning: Expected min height of view: (<NSPopoverTouchBarItemButton: 0x12ddc3000>) to be less than or equal to 30 but got a height of 32.000000. This error will be logged once per view in violation.
2021-07-27 13:22:06.595 firefox-bin[2054:81351] Warning: Expected min height of view: (<NSPopoverTouchBarItemButton: 0x12ddcf400>) to be less than or equal to 30 but got a height of 32.000000. This error will be logged once per view in violation.
console.warn: SearchSettings: "get: No settings file exists, new profile?" (new NotFoundError("Could not open the file at /var/folders/dj/r_d53pv97qn6cb7zp_63kxxh0000gn/T/rust_mozprofile.f5mkIrEY9sZ9/search.json.mozlz4", (void 0)))
console.error: BackgroundUpdate: 
  _reasonsToNotScheduleUpdates: Failed to check for Maintenance Service Registry Key: [Exception... "Component returned failure code: 0x80004001 (NS_ERROR_NOT_IMPLEMENTED) [nsIUpdateProcessor.getServiceRegKeyExists]"  nsresult: "0x80004001 (NS_ERROR_NOT_IMPLEMENTED)"  location: "JS frame :: resource://gre/modules/BackgroundUpdate.jsm :: _reasonsToNotScheduleUpdates :: line 243"  data: no]
1627388527888	Marionette	INFO	Listening on port 51184
1627388527994	Marionette	WARN	TLS certificate errors will be ignored for this session
1627388555177	Marionette	INFO	Stopped listening on port 51184
JavaScript error: resource:///actors/ContentMetaChild.jsm, line 179: InvalidStateError: JSWindowActorChild.sendAsyncMessage: JSWindowActorChild cannot send at the moment

###!!! [Parent][RunMessage] Error: Channel closing: too late to send/recv, messages will be lost

1627388649046	Marionette	INFO	Stopped listening on port 51090

###!!! [Parent][RunMessage] Error: Channel closing: too late to send/recv, messages will be lost

1627396460032	mozrunner::runner	INFO	Running command: "/Applications/Firefox.app/Contents/MacOS/firefox-bin" "-marionette" "-foreground" "-no-remote" "-profile" "/var/folders/dj/r_d53pv97qn6cb7zp_63kxxh0000gn/T/rust_mozprofile.pi72SGD5DLDY"
1627396460613	Marionette	INFO	Marionette enabled
2021-07-27 15:34:21.358 firefox-bin[2812:127865] Warning: Expected min height of view: (<NSButton: 0x1222f1000>) to be less than or equal to 30 but got a height of 32.000000. This error will be logged once per view in violation.
2021-07-27 15:34:21.358 firefox-bin[2812:127865] Warning: Expected min height of view: (<NSButton: 0x12f6d8c00>) to be less than or equal to 30 but got a height of 32.000000. This error will be logged once per view in violation.
2021-07-27 15:34:21.359 firefox-bin[2812:127865] Warning: Expected min height of view: (<NSButton: 0x12f6dc000>) to be less than or equal to 30 but got a height of 32.000000. This error will be logged once per view in violation.
2021-07-27 15:34:21.360 firefox-bin[2812:127865] Warning: Expected min height of view: (<NSButton: 0x12f6d6800>) to be less than or equal to 30 but got a height of 32.000000. This error will be logged once per view in violation.
2021-07-27 15:34:21.360 firefox-bin[2812:127865] Warning: Expected min height of view: (<NSButton: 0x106798800>) to be less than or equal to 30 but got a height of 32.000000. This error will be logged once per view in violation.
2021-07-27 15:34:21.361 firefox-bin[2812:127865] Warning: Expected min height of view: (<NSPopoverTouchBarItemButton: 0x12f6d6c00>) to be less than or equal to 30 but got a height of 32.000000. This error will be logged once per view in violation.
2021-07-27 15:34:21.361 firefox-bin[2812:127865] Warning: Expected min height of view: (<NSPopoverTouchBarItemButton: 0x12db7fc00>) to be less than or equal to 30 but got a height of 32.000000. This error will be logged once per view in violation.
console.warn: SearchSettings: "get: No settings file exists, new profile?" (new NotFoundError("Could not open the file at /var/folders/dj/r_d53pv97qn6cb7zp_63kxxh0000gn/T/rust_mozprofile.pi72SGD5DLDY/search.json.mozlz4", (void 0)))
console.error: BackgroundUpdate: 
  _reasonsToNotScheduleUpdates: Failed to check for Maintenance Service Registry Key: [Exception... "Component returned failure code: 0x80004001 (NS_ERROR_NOT_IMPLEMENTED) [nsIUpdateProcessor.getServiceRegKeyExists]"  nsresult: "0x80004001 (NS_ERROR_NOT_IMPLEMENTED)"  location: "JS frame :: resource://gre/modules/BackgroundUpdate.jsm :: _reasonsToNotScheduleUpdates :: line 243"  data: no]
1627396462778	Marionette	INFO	Listening on port 53004
1627396462822	Marionette	WARN	TLS certificate errors will be ignored for this session
JavaScript error: https://platform.twitter.com/widgets/widget_iframe.06c6ee58c3810956b7509218508c7b56.html?origin=https%3A%2F%2Ffantasy.premierleague.com, line 18: Error: Network error.
JavaScript error: https://platform.twitter.com/widgets/widget_iframe.06c6ee58c3810956b7509218508c7b56.html?origin=https%3A%2F%2Ffantasy.premierleague.com, line 18: Error: Network error.
1627396538402	Marionette	INFO	Stopped listening on port 53004

###!!! [Parent][RunMessage] Error: Channel closing: too late to send/recv, messages will be lost

1627998310240	mozrunner::runner	INFO	Running command: "/Applications/Firefox.app/Contents/MacOS/firefox-bin" "-marionette" "-foreground" "-no-remote" "-profile" "/var/folders/dj/r_d53pv97qn6cb7zp_63kxxh0000gn/T/rust_mozprofile.mPHdip7XuOCP"
1627998310698	Marionette	INFO	Marionette enabled
2021-08-03 14:45:11.273 firefox-bin[34346:1925196] Warning: Expected min height of view: (<NSButton: 0x13457d000>) to be less than or equal to 30 but got a height of 32.000000. This error will be logged once per view in violation.
2021-08-03 14:45:11.274 firefox-bin[34346:1925196] Warning: Expected min height of view: (<NSButton: 0x13457b000>) to be less than or equal to 30 but got a height of 32.000000. This error will be logged once per view in violation.
2021-08-03 14:45:11.274 firefox-bin[34346:1925196] Warning: Expected min height of view: (<NSButton: 0x13457a400>) to be less than or equal to 30 but got a height of 32.000000. This error will be logged once per view in violation.
2021-08-03 14:45:11.275 firefox-bin[34346:1925196] Warning: Expected min height of view: (<NSButton: 0x134580800>) to be less than or equal to 30 but got a height of 32.000000. This error will be logged once per view in violation.
2021-08-03 14:45:11.275 firefox-bin[34346:1925196] Warning: Expected min height of view: (<NSButton: 0x13457b800>) to be less than or equal to 30 but got a height of 32.000000. This error will be logged once per view in violation.
2021-08-03 14:45:11.276 firefox-bin[34346:1925196] Warning: Expected min height of view: (<NSPopoverTouchBarItemButton: 0x13457c400>) to be less than or equal to 30 but got a height of 32.000000. This error will be logged once per view in violation.
2021-08-03 14:45:11.277 firefox-bin[34346:1925196] Warning: Expected min height of view: (<NSPopoverTouchBarItemButton: 0x134589800>) to be less than or equal to 30 but got a height of 32.000000. This error will be logged once per view in violation.
console.warn: SearchSettings: "get: No settings file exists, new profile?" (new NotFoundError("Could not open the file at /var/folders/dj/r_d53pv97qn6cb7zp_63kxxh0000gn/T/rust_mozprofile.mPHdip7XuOCP/search.json.mozlz4", (void 0)))
console.error: BackgroundUpdate: 
  _reasonsToNotScheduleUpdates: Failed to check for Maintenance Service Registry Key: [Exception... "Component returned failure code: 0x80004001 (NS_ERROR_NOT_IMPLEMENTED) [nsIUpdateProcessor.getServiceRegKeyExists]"  nsresult: "0x80004001 (NS_ERROR_NOT_IMPLEMENTED)"  location: "JS frame :: resource://gre/modules/BackgroundUpdate.jsm :: _reasonsToNotScheduleUpdates :: line 243"  data: no]
1627998312272	Marionette	INFO	Listening on port 62247
1627998312301	Marionette	WARN	TLS certificate errors will be ignored for this session
JavaScript error: resource:///actors/ContentMetaChild.jsm, line 179: InvalidStateError: JSWindowActorChild.sendAsyncMessage: JSWindowActorChild cannot send at the moment
1627998360884	Marionette	INFO	Stopped listening on port 62247

###!!! [Parent][RunMessage] Error: Channel closing: too late to send/recv, messages will be lost

1628241246384	mozrunner::runner	INFO	Running command: "/Applications/Firefox.app/Contents/MacOS/firefox-bin" "-marionette" "-foreground" "-no-remote" "-profile" "/var/folders/dj/r_d53pv97qn6cb7zp_63kxxh0000gn/T/rust_mozprofile.ZRXcSaoxZmbw"
1628241246934	Marionette	INFO	Marionette enabled
2021-08-06 10:14:07.661 firefox-bin[46022:2633771] Warning: Expected min height of view: (<NSButton: 0x137cdfc00>) to be less than or equal to 30 but got a height of 32.000000. This error will be logged once per view in violation.
2021-08-06 10:14:07.662 firefox-bin[46022:2633771] Warning: Expected min height of view: (<NSButton: 0x137ce2400>) to be less than or equal to 30 but got a height of 32.000000. This error will be logged once per view in violation.
2021-08-06 10:14:07.662 firefox-bin[46022:2633771] Warning: Expected min height of view: (<NSButton: 0x137ce2800>) to be less than or equal to 30 but got a height of 32.000000. This error will be logged once per view in violation.
2021-08-06 10:14:07.663 firefox-bin[46022:2633771] Warning: Expected min height of view: (<NSButton: 0x137ce2c00>) to be less than or equal to 30 but got a height of 32.000000. This error will be logged once per view in violation.
2021-08-06 10:14:07.663 firefox-bin[46022:2633771] Warning: Expected min height of view: (<NSButton: 0x137ce3400>) to be less than or equal to 30 but got a height of 32.000000. This error will be logged once per view in violation.
2021-08-06 10:14:07.664 firefox-bin[46022:2633771] Warning: Expected min height of view: (<NSPopoverTouchBarItemButton: 0x137ce0c00>) to be less than or equal to 30 but got a height of 32.000000. This error will be logged once per view in violation.
2021-08-06 10:14:07.664 firefox-bin[46022:2633771] Warning: Expected min height of view: (<NSPopoverTouchBarItemButton: 0x137ce8800>) to be less than or equal to 30 but got a height of 32.000000. This error will be logged once per view in violation.
console.warn: SearchSettings: "get: No settings file exists, new profile?" (new NotFoundError("Could not open the file at /var/folders/dj/r_d53pv97qn6cb7zp_63kxxh0000gn/T/rust_mozprofile.ZRXcSaoxZmbw/search.json.mozlz4", (void 0)))
console.error: BackgroundUpdate: 
  _reasonsToNotScheduleUpdates: Failed to check for Maintenance Service Registry Key: [Exception... "Component returned failure code: 0x80004001 (NS_ERROR_NOT_IMPLEMENTED) [nsIUpdateProcessor.getServiceRegKeyExists]"  nsresult: "0x80004001 (NS_ERROR_NOT_IMPLEMENTED)"  location: "JS frame :: resource://gre/modules/BackgroundUpdate.jsm :: _reasonsToNotScheduleUpdates :: line 243"  data: no]
1628241249024	Marionette	INFO	Listening on port 57096
1628241249058	Marionette	WARN	TLS certificate errors will be ignored for this session
JavaScript error: resource:///actors/ContentMetaChild.jsm, line 179: InvalidStateError: JSWindowActorChild.sendAsyncMessage: JSWindowActorChild cannot send at the moment
1628241510479	Marionette	INFO	Stopped listening on port 57096

###!!! [Parent][RunMessage] Error: Channel closing: too late to send/recv, messages will be lost

1629106165553	mozrunner::runner	INFO	Running command: "/Applications/Firefox.app/Contents/MacOS/firefox-bin" "-marionette" "-foreground" "-no-remote" "-profile" "/var/folders/dj/r_d53pv97qn6cb7zp_63kxxh0000gn/T/rust_mozprofile.hm0cEOqxTYGD"
1629106170500	Marionette	INFO	Marionette enabled
2021-08-16 10:29:31.375 firefox-bin[87806:5073939] Warning: Expected min height of view: (<NSButton: 0x120c1f800>) to be less than or equal to 30 but got a height of 32.000000. This error will be logged once per view in violation.
2021-08-16 10:29:31.375 firefox-bin[87806:5073939] Warning: Expected min height of view: (<NSButton: 0x12de7e000>) to be less than or equal to 30 but got a height of 32.000000. This error will be logged once per view in violation.
2021-08-16 10:29:31.376 firefox-bin[87806:5073939] Warning: Expected min height of view: (<NSButton: 0x12de84c00>) to be less than or equal to 30 but got a height of 32.000000. This error will be logged once per view in violation.
2021-08-16 10:29:31.376 firefox-bin[87806:5073939] Warning: Expected min height of view: (<NSButton: 0x12de7e400>) to be less than or equal to 30 but got a height of 32.000000. This error will be logged once per view in violation.
2021-08-16 10:29:31.377 firefox-bin[87806:5073939] Warning: Expected min height of view: (<NSButton: 0x12de84400>) to be less than or equal to 30 but got a height of 32.000000. This error will be logged once per view in violation.
2021-08-16 10:29:31.377 firefox-bin[87806:5073939] Warning: Expected min height of view: (<NSPopoverTouchBarItemButton: 0x12de82c00>) to be less than or equal to 30 but got a height of 32.000000. This error will be logged once per view in violation.
2021-08-16 10:29:31.378 firefox-bin[87806:5073939] Warning: Expected min height of view: (<NSPopoverTouchBarItemButton: 0x12de86c00>) to be less than or equal to 30 but got a height of 32.000000. This error will be logged once per view in violation.
console.warn: SearchSettings: "get: No settings file exists, new profile?" (new NotFoundError("Could not open the file at /var/folders/dj/r_d53pv97qn6cb7zp_63kxxh0000gn/T/rust_mozprofile.hm0cEOqxTYGD/search.json.mozlz4", (void 0)))
console.error: BackgroundUpdate: 
  _reasonsToNotScheduleUpdates: Failed to check for Maintenance Service Registry Key: [Exception... "Component returned failure code: 0x80004001 (NS_ERROR_NOT_IMPLEMENTED) [nsIUpdateProcessor.getServiceRegKeyExists]"  nsresult: "0x80004001 (NS_ERROR_NOT_IMPLEMENTED)"  location: "JS frame :: resource://gre/modules/BackgroundUpdate.jsm :: _reasonsToNotScheduleUpdates :: line 243"  data: no]
1629106172447	Marionette	INFO	Listening on port 54134
1629106175773	Marionette	INFO	Stopped listening on port 54134
JavaScript error: resource:///modules/Interactions.jsm, line 209: NS_ERROR_FAILURE: Component returned failure code: 0x80004005 (NS_ERROR_FAILURE) [nsIUserIdleService.removeIdleObserver]

###!!! [Parent][RunMessage] Error: Channel closing: too late to send/recv, messages will be lost

1629106179506	mozrunner::runner	INFO	Running command: "/Applications/Firefox.app/Contents/MacOS/firefox-bin" "-marionette" "-foreground" "-no-remote" "-profile" "/var/folders/dj/r_d53pv97qn6cb7zp_63kxxh0000gn/T/rust_mozprofile.NHvW54BuuWca"
1629106179869	Marionette	INFO	Marionette enabled
2021-08-16 10:29:40.566 firefox-bin[87825:5074533] Warning: Expected min height of view: (<NSButton: 0x13045d800>) to be less than or equal to 30 but got a height of 32.000000. This error will be logged once per view in violation.
2021-08-16 10:29:40.566 firefox-bin[87825:5074533] Warning: Expected min height of view: (<NSButton: 0x130461c00>) to be less than or equal to 30 but got a height of 32.000000. This error will be logged once per view in violation.
2021-08-16 10:29:40.567 firefox-bin[87825:5074533] Warning: Expected min height of view: (<NSButton: 0x130462000>) to be less than or equal to 30 but got a height of 32.000000. This error will be logged once per view in violation.
2021-08-16 10:29:40.568 firefox-bin[87825:5074533] Warning: Expected min height of view: (<NSButton: 0x13045a400>) to be less than or equal to 30 but got a height of 32.000000. This error will be logged once per view in violation.
2021-08-16 10:29:40.568 firefox-bin[87825:5074533] Warning: Expected min height of view: (<NSButton: 0x13045bc00>) to be less than or equal to 30 but got a height of 32.000000. This error will be logged once per view in violation.
2021-08-16 10:29:40.569 firefox-bin[87825:5074533] Warning: Expected min height of view: (<NSPopoverTouchBarItemButton: 0x13045c800>) to be less than or equal to 30 but got a height of 32.000000. This error will be logged once per view in violation.
2021-08-16 10:29:40.569 firefox-bin[87825:5074533] Warning: Expected min height of view: (<NSPopoverTouchBarItemButton: 0x130608000>) to be less than or equal to 30 but got a height of 32.000000. This error will be logged once per view in violation.
console.warn: SearchSettings: "get: No settings file exists, new profile?" (new NotFoundError("Could not open the file at /var/folders/dj/r_d53pv97qn6cb7zp_63kxxh0000gn/T/rust_mozprofile.NHvW54BuuWca/search.json.mozlz4", (void 0)))
console.error: BackgroundUpdate: 
  _reasonsToNotScheduleUpdates: Failed to check for Maintenance Service Registry Key: [Exception... "Component returned failure code: 0x80004001 (NS_ERROR_NOT_IMPLEMENTED) [nsIUpdateProcessor.getServiceRegKeyExists]"  nsresult: "0x80004001 (NS_ERROR_NOT_IMPLEMENTED)"  location: "JS frame :: resource://gre/modules/BackgroundUpdate.jsm :: _reasonsToNotScheduleUpdates :: line 243"  data: no]
1629106181581	Marionette	INFO	Listening on port 54201
1629106181657	RemoteAgent	WARN	TLS certificate errors will be ignored for this session
1629106207921	Marionette	INFO	Stopped listening on port 54201
JavaScript error: resource:///modules/Interactions.jsm, line 209: NS_ERROR_FAILURE: Component returned failure code: 0x80004005 (NS_ERROR_FAILURE) [nsIUserIdleService.removeIdleObserver]
JavaScript error: chrome://remote/content/marionette/cert.js, line 55: NS_ERROR_NOT_AVAILABLE: Component returned failure code: 0x80040111 (NS_ERROR_NOT_AVAILABLE) [nsICertOverrideService.setDisableAllSecurityChecksAndLetAttackersInterceptMyData]

###!!! [Parent][RunMessage] Error: Channel closing: too late to send/recv, messages will be lost

1629106252655	mozrunner::runner	INFO	Running command: "/Applications/Firefox.app/Contents/MacOS/firefox-bin" "-marionette" "-foreground" "-no-remote" "-profile" "/var/folders/dj/r_d53pv97qn6cb7zp_63kxxh0000gn/T/rust_mozprofile.Kb5qXOJ2wYyR"
1629106253019	Marionette	INFO	Marionette enabled
2021-08-16 10:30:53.718 firefox-bin[87852:5075605] Warning: Expected min height of view: (<NSButton: 0x13a56e000>) to be less than or equal to 30 but got a height of 32.000000. This error will be logged once per view in violation.
2021-08-16 10:30:53.719 firefox-bin[87852:5075605] Warning: Expected min height of view: (<NSButton: 0x13a56fc00>) to be less than or equal to 30 but got a height of 32.000000. This error will be logged once per view in violation.
2021-08-16 10:30:53.720 firefox-bin[87852:5075605] Warning: Expected min height of view: (<NSButton: 0x13a571800>) to be less than or equal to 30 but got a height of 32.000000. This error will be logged once per view in violation.
2021-08-16 10:30:53.720 firefox-bin[87852:5075605] Warning: Expected min height of view: (<NSButton: 0x13a572000>) to be less than or equal to 30 but got a height of 32.000000. This error will be logged once per view in violation.
2021-08-16 10:30:53.721 firefox-bin[87852:5075605] Warning: Expected min height of view: (<NSButton: 0x13a570000>) to be less than or equal to 30 but got a height of 32.000000. This error will be logged once per view in violation.
2021-08-16 10:30:53.721 firefox-bin[87852:5075605] Warning: Expected min height of view: (<NSPopoverTouchBarItemButton: 0x13a578000>) to be less than or equal to 30 but got a height of 32.000000. This error will be logged once per view in violation.
2021-08-16 10:30:53.722 firefox-bin[87852:5075605] Warning: Expected min height of view: (<NSPopoverTouchBarItemButton: 0x13a808800>) to be less than or equal to 30 but got a height of 32.000000. This error will be logged once per view in violation.
console.warn: SearchSettings: "get: No settings file exists, new profile?" (new NotFoundError("Could not open the file at /var/folders/dj/r_d53pv97qn6cb7zp_63kxxh0000gn/T/rust_mozprofile.Kb5qXOJ2wYyR/search.json.mozlz4", (void 0)))
console.error: BackgroundUpdate: 
  _reasonsToNotScheduleUpdates: Failed to check for Maintenance Service Registry Key: [Exception... "Component returned failure code: 0x80004001 (NS_ERROR_NOT_IMPLEMENTED) [nsIUpdateProcessor.getServiceRegKeyExists]"  nsresult: "0x80004001 (NS_ERROR_NOT_IMPLEMENTED)"  location: "JS frame :: resource://gre/modules/BackgroundUpdate.jsm :: _reasonsToNotScheduleUpdates :: line 243"  data: no]
1629106254802	Marionette	INFO	Listening on port 54305
1629106254828	RemoteAgent	WARN	TLS certificate errors will be ignored for this session
1629106302887	Marionette	INFO	Stopped listening on port 54305
JavaScript error: resource:///modules/Interactions.jsm, line 209: NS_ERROR_FAILURE: Component returned failure code: 0x80004005 (NS_ERROR_FAILURE) [nsIUserIdleService.removeIdleObserver]

###!!! [Parent][RunMessage] Error: Channel closing: too late to send/recv, messages will be lost

1629106395673	mozrunner::runner	INFO	Running command: "/Applications/Firefox.app/Contents/MacOS/firefox-bin" "-marionette" "-foreground" "-no-remote" "-profile" "/var/folders/dj/r_d53pv97qn6cb7zp_63kxxh0000gn/T/rust_mozprofile.Unazxf92FDKd"
1629106396042	Marionette	INFO	Marionette enabled
2021-08-16 10:33:16.732 firefox-bin[87897:5077389] Warning: Expected min height of view: (<NSButton: 0x12fa40000>) to be less than or equal to 30 but got a height of 32.000000. This error will be logged once per view in violation.
2021-08-16 10:33:16.733 firefox-bin[87897:5077389] Warning: Expected min height of view: (<NSButton: 0x12fa3f400>) to be less than or equal to 30 but got a height of 32.000000. This error will be logged once per view in violation.
2021-08-16 10:33:16.733 firefox-bin[87897:5077389] Warning: Expected min height of view: (<NSButton: 0x12fa3d400>) to be less than or equal to 30 but got a height of 32.000000. This error will be logged once per view in violation.
2021-08-16 10:33:16.734 firefox-bin[87897:5077389] Warning: Expected min height of view: (<NSButton: 0x12fa3c400>) to be less than or equal to 30 but got a height of 32.000000. This error will be logged once per view in violation.
2021-08-16 10:33:16.734 firefox-bin[87897:5077389] Warning: Expected min height of view: (<NSButton: 0x12fa3cc00>) to be less than or equal to 30 but got a height of 32.000000. This error will be logged once per view in violation.
2021-08-16 10:33:16.735 firefox-bin[87897:5077389] Warning: Expected min height of view: (<NSPopoverTouchBarItemButton: 0x12fa3a400>) to be less than or equal to 30 but got a height of 32.000000. This error will be logged once per view in violation.
2021-08-16 10:33:16.735 firefox-bin[87897:5077389] Warning: Expected min height of view: (<NSPopoverTouchBarItemButton: 0x12fae7000>) to be less than or equal to 30 but got a height of 32.000000. This error will be logged once per view in violation.
console.warn: SearchSettings: "get: No settings file exists, new profile?" (new NotFoundError("Could not open the file at /var/folders/dj/r_d53pv97qn6cb7zp_63kxxh0000gn/T/rust_mozprofile.Unazxf92FDKd/search.json.mozlz4", (void 0)))
console.error: BackgroundUpdate: 
  _reasonsToNotScheduleUpdates: Failed to check for Maintenance Service Registry Key: [Exception... "Component returned failure code: 0x80004001 (NS_ERROR_NOT_IMPLEMENTED) [nsIUpdateProcessor.getServiceRegKeyExists]"  nsresult: "0x80004001 (NS_ERROR_NOT_IMPLEMENTED)"  location: "JS frame :: resource://gre/modules/BackgroundUpdate.jsm :: _reasonsToNotScheduleUpdates :: line 243"  data: no]
1629106397852	Marionette	INFO	Listening on port 54423
1629106397933	RemoteAgent	WARN	TLS certificate errors will be ignored for this session
1629106448418	Marionette	INFO	Stopped listening on port 54423
JavaScript error: resource:///modules/Interactions.jsm, line 209: NS_ERROR_FAILURE: Component returned failure code: 0x80004005 (NS_ERROR_FAILURE) [nsIUserIdleService.removeIdleObserver]

###!!! [Parent][RunMessage] Error: Channel closing: too late to send/recv, messages will be lost

1629107206892	mozrunner::runner	INFO	Running command: "/Applications/Firefox.app/Contents/MacOS/firefox-bin" "-marionette" "-foreground" "-no-remote" "-profile" "/var/folders/dj/r_d53pv97qn6cb7zp_63kxxh0000gn/T/rust_mozprofile.I8Brs7dFH6EQ"
1629107207267	Marionette	INFO	Marionette enabled
2021-08-16 10:46:47.983 firefox-bin[88083:5086146] Warning: Expected min height of view: (<NSButton: 0x12e454400>) to be less than or equal to 30 but got a height of 32.000000. This error will be logged once per view in violation.
2021-08-16 10:46:47.984 firefox-bin[88083:5086146] Warning: Expected min height of view: (<NSButton: 0x12e454c00>) to be less than or equal to 30 but got a height of 32.000000. This error will be logged once per view in violation.
2021-08-16 10:46:47.984 firefox-bin[88083:5086146] Warning: Expected min height of view: (<NSButton: 0x12e20d800>) to be less than or equal to 30 but got a height of 32.000000. This error will be logged once per view in violation.
2021-08-16 10:46:47.985 firefox-bin[88083:5086146] Warning: Expected min height of view: (<NSButton: 0x12e455000>) to be less than or equal to 30 but got a height of 32.000000. This error will be logged once per view in violation.
2021-08-16 10:46:47.985 firefox-bin[88083:5086146] Warning: Expected min height of view: (<NSButton: 0x12e455400>) to be less than or equal to 30 but got a height of 32.000000. This error will be logged once per view in violation.
2021-08-16 10:46:47.986 firefox-bin[88083:5086146] Warning: Expected min height of view: (<NSPopoverTouchBarItemButton: 0x12e456400>) to be less than or equal to 30 but got a height of 32.000000. This error will be logged once per view in violation.
2021-08-16 10:46:47.986 firefox-bin[88083:5086146] Warning: Expected min height of view: (<NSPopoverTouchBarItemButton: 0x12e76f400>) to be less than or equal to 30 but got a height of 32.000000. This error will be logged once per view in violation.
console.warn: SearchSettings: "get: No settings file exists, new profile?" (new NotFoundError("Could not open the file at /var/folders/dj/r_d53pv97qn6cb7zp_63kxxh0000gn/T/rust_mozprofile.I8Brs7dFH6EQ/search.json.mozlz4", (void 0)))
console.error: BackgroundUpdate: 
  _reasonsToNotScheduleUpdates: Failed to check for Maintenance Service Registry Key: [Exception... "Component returned failure code: 0x80004001 (NS_ERROR_NOT_IMPLEMENTED) [nsIUpdateProcessor.getServiceRegKeyExists]"  nsresult: "0x80004001 (NS_ERROR_NOT_IMPLEMENTED)"  location: "JS frame :: resource://gre/modules/BackgroundUpdate.jsm :: _reasonsToNotScheduleUpdates :: line 243"  data: no]
1629107209064	Marionette	INFO	Listening on port 54658
1629107209157	RemoteAgent	WARN	TLS certificate errors will be ignored for this session
1629107254588	Marionette	INFO	Stopped listening on port 54658
JavaScript error: resource:///modules/Interactions.jsm, line 209: NS_ERROR_FAILURE: Component returned failure code: 0x80004005 (NS_ERROR_FAILURE) [nsIUserIdleService.removeIdleObserver]

###!!! [Parent][RunMessage] Error: Channel closing: too late to send/recv, messages will be lost

1629107933174	mozrunner::runner	INFO	Running command: "/Applications/Firefox.app/Contents/MacOS/firefox-bin" "-marionette" "-foreground" "-no-remote" "-profile" "/var/folders/dj/r_d53pv97qn6cb7zp_63kxxh0000gn/T/rust_mozprofile.VZGNNEXvoYmg"
1629107933554	Marionette	INFO	Marionette enabled
2021-08-16 10:58:54.250 firefox-bin[88231:5093780] Warning: Expected min height of view: (<NSButton: 0x12d21f400>) to be less than or equal to 30 but got a height of 32.000000. This error will be logged once per view in violation.
2021-08-16 10:58:54.250 firefox-bin[88231:5093780] Warning: Expected min height of view: (<NSButton: 0x13a1e7000>) to be less than or equal to 30 but got a height of 32.000000. This error will be logged once per view in violation.
2021-08-16 10:58:54.251 firefox-bin[88231:5093780] Warning: Expected min height of view: (<NSButton: 0x13a1e7400>) to be less than or equal to 30 but got a height of 32.000000. This error will be logged once per view in violation.
2021-08-16 10:58:54.252 firefox-bin[88231:5093780] Warning: Expected min height of view: (<NSButton: 0x13a1e7800>) to be less than or equal to 30 but got a height of 32.000000. This error will be logged once per view in violation.
2021-08-16 10:58:54.252 firefox-bin[88231:5093780] Warning: Expected min height of view: (<NSButton: 0x13a1e7c00>) to be less than or equal to 30 but got a height of 32.000000. This error will be logged once per view in violation.
2021-08-16 10:58:54.253 firefox-bin[88231:5093780] Warning: Expected min height of view: (<NSPopoverTouchBarItemButton: 0x13a1eac00>) to be less than or equal to 30 but got a height of 32.000000. This error will be logged once per view in violation.
2021-08-16 10:58:54.253 firefox-bin[88231:5093780] Warning: Expected min height of view: (<NSPopoverTouchBarItemButton: 0x13a697c00>) to be less than or equal to 30 but got a height of 32.000000. This error will be logged once per view in violation.
console.warn: SearchSettings: "get: No settings file exists, new profile?" (new NotFoundError("Could not open the file at /var/folders/dj/r_d53pv97qn6cb7zp_63kxxh0000gn/T/rust_mozprofile.VZGNNEXvoYmg/search.json.mozlz4", (void 0)))
console.error: BackgroundUpdate: 
  _reasonsToNotScheduleUpdates: Failed to check for Maintenance Service Registry Key: [Exception... "Component returned failure code: 0x80004001 (NS_ERROR_NOT_IMPLEMENTED) [nsIUpdateProcessor.getServiceRegKeyExists]"  nsresult: "0x80004001 (NS_ERROR_NOT_IMPLEMENTED)"  location: "JS frame :: resource://gre/modules/BackgroundUpdate.jsm :: _reasonsToNotScheduleUpdates :: line 243"  data: no]
1629107935346	Marionette	INFO	Listening on port 54942
1629107935433	RemoteAgent	WARN	TLS certificate errors will be ignored for this session
1629107980270	Marionette	INFO	Stopped listening on port 54942
JavaScript error: resource:///modules/Interactions.jsm, line 209: NS_ERROR_FAILURE: Component returned failure code: 0x80004005 (NS_ERROR_FAILURE) [nsIUserIdleService.removeIdleObserver]

###!!! [Parent][RunMessage] Error: Channel closing: too late to send/recv, messages will be lost

1629114311110	mozrunner::runner	INFO	Running command: "/Applications/Firefox.app/Contents/MacOS/firefox-bin" "-marionette" "-foreground" "-no-remote" "-profile" "/var/folders/dj/r_d53pv97qn6cb7zp_63kxxh0000gn/T/rust_mozprofile.EVvcB8qYyh0l"
1629114311527	Marionette	INFO	Marionette enabled
2021-08-16 12:45:12.251 firefox-bin[89127:5142205] Warning: Expected min height of view: (<NSButton: 0x13b437c00>) to be less than or equal to 30 but got a height of 32.000000. This error will be logged once per view in violation.
2021-08-16 12:45:12.252 firefox-bin[89127:5142205] Warning: Expected min height of view: (<NSButton: 0x13b433000>) to be less than or equal to 30 but got a height of 32.000000. This error will be logged once per view in violation.
2021-08-16 12:45:12.252 firefox-bin[89127:5142205] Warning: Expected min height of view: (<NSButton: 0x13b436400>) to be less than or equal to 30 but got a height of 32.000000. This error will be logged once per view in violation.
2021-08-16 12:45:12.253 firefox-bin[89127:5142205] Warning: Expected min height of view: (<NSButton: 0x13b436800>) to be less than or equal to 30 but got a height of 32.000000. This error will be logged once per view in violation.
2021-08-16 12:45:12.254 firefox-bin[89127:5142205] Warning: Expected min height of view: (<NSButton: 0x13b437000>) to be less than or equal to 30 but got a height of 32.000000. This error will be logged once per view in violation.
2021-08-16 12:45:12.254 firefox-bin[89127:5142205] Warning: Expected min height of view: (<NSPopoverTouchBarItemButton: 0x13b433400>) to be less than or equal to 30 but got a height of 32.000000. This error will be logged once per view in violation.
2021-08-16 12:45:12.255 firefox-bin[89127:5142205] Warning: Expected min height of view: (<NSPopoverTouchBarItemButton: 0x13b4ed000>) to be less than or equal to 30 but got a height of 32.000000. This error will be logged once per view in violation.
console.warn: SearchSettings: "get: No settings file exists, new profile?" (new NotFoundError("Could not open the file at /var/folders/dj/r_d53pv97qn6cb7zp_63kxxh0000gn/T/rust_mozprofile.EVvcB8qYyh0l/search.json.mozlz4", (void 0)))
console.error: BackgroundUpdate: 
  _reasonsToNotScheduleUpdates: Failed to check for Maintenance Service Registry Key: [Exception... "Component returned failure code: 0x80004001 (NS_ERROR_NOT_IMPLEMENTED) [nsIUpdateProcessor.getServiceRegKeyExists]"  nsresult: "0x80004001 (NS_ERROR_NOT_IMPLEMENTED)"  location: "JS frame :: resource://gre/modules/BackgroundUpdate.jsm :: _reasonsToNotScheduleUpdates :: line 243"  data: no]
1629114313334	Marionette	INFO	Listening on port 55617
1629114313382	RemoteAgent	WARN	TLS certificate errors will be ignored for this session
1629114342050	mozrunner::runner	INFO	Running command: "/Applications/Firefox.app/Contents/MacOS/firefox-bin" "-marionette" "-foreground" "-no-remote" "-profile" "/var/folders/dj/r_d53pv97qn6cb7zp_63kxxh0000gn/T/rust_mozprofile.3u681vsoLzPk"
1629114342433	Marionette	INFO	Marionette enabled
2021-08-16 12:45:43.137 firefox-bin[89147:5142844] Warning: Expected min height of view: (<NSButton: 0x12cc6c000>) to be less than or equal to 30 but got a height of 32.000000. This error will be logged once per view in violation.
2021-08-16 12:45:43.137 firefox-bin[89147:5142844] Warning: Expected min height of view: (<NSButton: 0x12cc68c00>) to be less than or equal to 30 but got a height of 32.000000. This error will be logged once per view in violation.
2021-08-16 12:45:43.138 firefox-bin[89147:5142844] Warning: Expected min height of view: (<NSButton: 0x12cc69800>) to be less than or equal to 30 but got a height of 32.000000. This error will be logged once per view in violation.
2021-08-16 12:45:43.138 firefox-bin[89147:5142844] Warning: Expected min height of view: (<NSButton: 0x12cc6a400>) to be less than or equal to 30 but got a height of 32.000000. This error will be logged once per view in violation.
2021-08-16 12:45:43.139 firefox-bin[89147:5142844] Warning: Expected min height of view: (<NSButton: 0x12cc6bc00>) to be less than or equal to 30 but got a height of 32.000000. This error will be logged once per view in violation.
2021-08-16 12:45:43.139 firefox-bin[89147:5142844] Warning: Expected min height of view: (<NSPopoverTouchBarItemButton: 0x12cf80c00>) to be less than or equal to 30 but got a height of 32.000000. This error will be logged once per view in violation.
2021-08-16 12:45:43.140 firefox-bin[89147:5142844] Warning: Expected min height of view: (<NSPopoverTouchBarItemButton: 0x12cf84c00>) to be less than or equal to 30 but got a height of 32.000000. This error will be logged once per view in violation.
console.warn: SearchSettings: "get: No settings file exists, new profile?" (new NotFoundError("Could not open the file at /var/folders/dj/r_d53pv97qn6cb7zp_63kxxh0000gn/T/rust_mozprofile.3u681vsoLzPk/search.json.mozlz4", (void 0)))
console.error: BackgroundUpdate: 
  _reasonsToNotScheduleUpdates: Failed to check for Maintenance Service Registry Key: [Exception... "Component returned failure code: 0x80004001 (NS_ERROR_NOT_IMPLEMENTED) [nsIUpdateProcessor.getServiceRegKeyExists]"  nsresult: "0x80004001 (NS_ERROR_NOT_IMPLEMENTED)"  location: "JS frame :: resource://gre/modules/BackgroundUpdate.jsm :: _reasonsToNotScheduleUpdates :: line 243"  data: no]
1629114344215	Marionette	INFO	Listening on port 55720
1629114344305	RemoteAgent	WARN	TLS certificate errors will be ignored for this session
1629114380747	Marionette	INFO	Stopped listening on port 55720
JavaScript error: resource:///modules/Interactions.jsm, line 209: NS_ERROR_FAILURE: Component returned failure code: 0x80004005 (NS_ERROR_FAILURE) [nsIUserIdleService.removeIdleObserver]

###!!! [Parent][RunMessage] Error: Channel closing: too late to send/recv, messages will be lost

1629114393301	Marionette	INFO	Stopped listening on port 55617
JavaScript error: resource:///modules/Interactions.jsm, line 209: NS_ERROR_FAILURE: Component returned failure code: 0x80004005 (NS_ERROR_FAILURE) [nsIUserIdleService.removeIdleObserver]

###!!! [Parent][RunMessage] Error: Channel closing: too late to send/recv, messages will be lost

1629114440935	mozrunner::runner	INFO	Running command: "/Applications/Firefox.app/Contents/MacOS/firefox-bin" "-marionette" "-foreground" "-no-remote" "-profile" "/var/folders/dj/r_d53pv97qn6cb7zp_63kxxh0000gn/T/rust_mozprofile.KN1p4RdZXzHl"
1629114441326	Marionette	INFO	Marionette enabled
2021-08-16 12:47:22.025 firefox-bin[89175:5144081] Warning: Expected min height of view: (<NSButton: 0x1349e2400>) to be less than or equal to 30 but got a height of 32.000000. This error will be logged once per view in violation.
2021-08-16 12:47:22.026 firefox-bin[89175:5144081] Warning: Expected min height of view: (<NSButton: 0x1349e8800>) to be less than or equal to 30 but got a height of 32.000000. This error will be logged once per view in violation.
2021-08-16 12:47:22.026 firefox-bin[89175:5144081] Warning: Expected min height of view: (<NSButton: 0x1349e3800>) to be less than or equal to 30 but got a height of 32.000000. This error will be logged once per view in violation.
2021-08-16 12:47:22.027 firefox-bin[89175:5144081] Warning: Expected min height of view: (<NSButton: 0x1349e3c00>) to be less than or equal to 30 but got a height of 32.000000. This error will be logged once per view in violation.
2021-08-16 12:47:22.027 firefox-bin[89175:5144081] Warning: Expected min height of view: (<NSButton: 0x1349e4800>) to be less than or equal to 30 but got a height of 32.000000. This error will be logged once per view in violation.
2021-08-16 12:47:22.028 firefox-bin[89175:5144081] Warning: Expected min height of view: (<NSPopoverTouchBarItemButton: 0x1349eb000>) to be less than or equal to 30 but got a height of 32.000000. This error will be logged once per view in violation.
2021-08-16 12:47:22.029 firefox-bin[89175:5144081] Warning: Expected min height of view: (<NSPopoverTouchBarItemButton: 0x135009000>) to be less than or equal to 30 but got a height of 32.000000. This error will be logged once per view in violation.
console.warn: SearchSettings: "get: No settings file exists, new profile?" (new NotFoundError("Could not open the file at /var/folders/dj/r_d53pv97qn6cb7zp_63kxxh0000gn/T/rust_mozprofile.KN1p4RdZXzHl/search.json.mozlz4", (void 0)))
console.error: BackgroundUpdate: 
  _reasonsToNotScheduleUpdates: Failed to check for Maintenance Service Registry Key: [Exception... "Component returned failure code: 0x80004001 (NS_ERROR_NOT_IMPLEMENTED) [nsIUpdateProcessor.getServiceRegKeyExists]"  nsresult: "0x80004001 (NS_ERROR_NOT_IMPLEMENTED)"  location: "JS frame :: resource://gre/modules/BackgroundUpdate.jsm :: _reasonsToNotScheduleUpdates :: line 243"  data: no]
1629114443036	Marionette	INFO	Listening on port 55844
1629114443091	RemoteAgent	WARN	TLS certificate errors will be ignored for this session
1629114481293	Marionette	INFO	Stopped listening on port 55844
JavaScript error: resource:///modules/Interactions.jsm, line 209: NS_ERROR_FAILURE: Component returned failure code: 0x80004005 (NS_ERROR_FAILURE) [nsIUserIdleService.removeIdleObserver]

###!!! [Parent][RunMessage] Error: Channel closing: too late to send/recv, messages will be lost

1629114975470	mozrunner::runner	INFO	Running command: "/Applications/Firefox.app/Contents/MacOS/firefox-bin" "-marionette" "-foreground" "-no-remote" "-profile" "/var/folders/dj/r_d53pv97qn6cb7zp_63kxxh0000gn/T/rust_mozprofile.IwV2Q8CuRgcs"
1629114975889	Marionette	INFO	Marionette enabled
2021-08-16 12:56:16.614 firefox-bin[89277:5148790] Warning: Expected min height of view: (<NSButton: 0x13182fc00>) to be less than or equal to 30 but got a height of 32.000000. This error will be logged once per view in violation.
2021-08-16 12:56:16.615 firefox-bin[89277:5148790] Warning: Expected min height of view: (<NSButton: 0x13182cc00>) to be less than or equal to 30 but got a height of 32.000000. This error will be logged once per view in violation.
2021-08-16 12:56:16.616 firefox-bin[89277:5148790] Warning: Expected min height of view: (<NSButton: 0x13182dc00>) to be less than or equal to 30 but got a height of 32.000000. This error will be logged once per view in violation.
2021-08-16 12:56:16.616 firefox-bin[89277:5148790] Warning: Expected min height of view: (<NSButton: 0x131830400>) to be less than or equal to 30 but got a height of 32.000000. This error will be logged once per view in violation.
2021-08-16 12:56:16.617 firefox-bin[89277:5148790] Warning: Expected min height of view: (<NSButton: 0x131830800>) to be less than or equal to 30 but got a height of 32.000000. This error will be logged once per view in violation.
2021-08-16 12:56:16.617 firefox-bin[89277:5148790] Warning: Expected min height of view: (<NSPopoverTouchBarItemButton: 0x13182b400>) to be less than or equal to 30 but got a height of 32.000000. This error will be logged once per view in violation.
2021-08-16 12:56:16.618 firefox-bin[89277:5148790] Warning: Expected min height of view: (<NSPopoverTouchBarItemButton: 0x1318e9c00>) to be less than or equal to 30 but got a height of 32.000000. This error will be logged once per view in violation.
console.warn: SearchSettings: "get: No settings file exists, new profile?" (new NotFoundError("Could not open the file at /var/folders/dj/r_d53pv97qn6cb7zp_63kxxh0000gn/T/rust_mozprofile.IwV2Q8CuRgcs/search.json.mozlz4", (void 0)))
console.error: BackgroundUpdate: 
  _reasonsToNotScheduleUpdates: Failed to check for Maintenance Service Registry Key: [Exception... "Component returned failure code: 0x80004001 (NS_ERROR_NOT_IMPLEMENTED) [nsIUpdateProcessor.getServiceRegKeyExists]"  nsresult: "0x80004001 (NS_ERROR_NOT_IMPLEMENTED)"  location: "JS frame :: resource://gre/modules/BackgroundUpdate.jsm :: _reasonsToNotScheduleUpdates :: line 243"  data: no]
1629114977693	Marionette	INFO	Listening on port 56022
1629114977731	RemoteAgent	WARN	TLS certificate errors will be ignored for this session
1629114989621	Marionette	INFO	Stopped listening on port 56022
JavaScript error: resource:///modules/Interactions.jsm, line 209: NS_ERROR_FAILURE: Component returned failure code: 0x80004005 (NS_ERROR_FAILURE) [nsIUserIdleService.removeIdleObserver]
JavaScript error: chrome://remote/content/marionette/cert.js, line 55: NS_ERROR_NOT_AVAILABLE: Component returned failure code: 0x80040111 (NS_ERROR_NOT_AVAILABLE) [nsICertOverrideService.setDisableAllSecurityChecksAndLetAttackersInterceptMyData]

###!!! [Parent][RunMessage] Error: Channel closing: too late to send/recv, messages will be lost

1629115133476	mozrunner::runner	INFO	Running command: "/Applications/Firefox.app/Contents/MacOS/firefox-bin" "-marionette" "-foreground" "-no-remote" "-profile" "/var/folders/dj/r_d53pv97qn6cb7zp_63kxxh0000gn/T/rust_mozprofile.fl6aVWr2FCj3"
1629115133871	Marionette	INFO	Marionette enabled
2021-08-16 12:58:54.587 firefox-bin[89311:5150560] Warning: Expected min height of view: (<NSButton: 0x135bd7800>) to be less than or equal to 30 but got a height of 32.000000. This error will be logged once per view in violation.
2021-08-16 12:58:54.588 firefox-bin[89311:5150560] Warning: Expected min height of view: (<NSButton: 0x135bd0800>) to be less than or equal to 30 but got a height of 32.000000. This error will be logged once per view in violation.
2021-08-16 12:58:54.588 firefox-bin[89311:5150560] Warning: Expected min height of view: (<NSButton: 0x135bd1000>) to be less than or equal to 30 but got a height of 32.000000. This error will be logged once per view in violation.
2021-08-16 12:58:54.589 firefox-bin[89311:5150560] Warning: Expected min height of view: (<NSButton: 0x135bd4000>) to be less than or equal to 30 but got a height of 32.000000. This error will be logged once per view in violation.
2021-08-16 12:58:54.590 firefox-bin[89311:5150560] Warning: Expected min height of view: (<NSButton: 0x135bd2800>) to be less than or equal to 30 but got a height of 32.000000. This error will be logged once per view in violation.
2021-08-16 12:58:54.590 firefox-bin[89311:5150560] Warning: Expected min height of view: (<NSPopoverTouchBarItemButton: 0x135bd4c00>) to be less than or equal to 30 but got a height of 32.000000. This error will be logged once per view in violation.
2021-08-16 12:58:54.591 firefox-bin[89311:5150560] Warning: Expected min height of view: (<NSPopoverTouchBarItemButton: 0x135d21c00>) to be less than or equal to 30 but got a height of 32.000000. This error will be logged once per view in violation.
console.warn: SearchSettings: "get: No settings file exists, new profile?" (new NotFoundError("Could not open the file at /var/folders/dj/r_d53pv97qn6cb7zp_63kxxh0000gn/T/rust_mozprofile.fl6aVWr2FCj3/search.json.mozlz4", (void 0)))
console.error: BackgroundUpdate: 
  _reasonsToNotScheduleUpdates: Failed to check for Maintenance Service Registry Key: [Exception... "Component returned failure code: 0x80004001 (NS_ERROR_NOT_IMPLEMENTED) [nsIUpdateProcessor.getServiceRegKeyExists]"  nsresult: "0x80004001 (NS_ERROR_NOT_IMPLEMENTED)"  location: "JS frame :: resource://gre/modules/BackgroundUpdate.jsm :: _reasonsToNotScheduleUpdates :: line 243"  data: no]
1629115135754	Marionette	INFO	Listening on port 56134
1629115135837	RemoteAgent	WARN	TLS certificate errors will be ignored for this session
JavaScript error: resource:///actors/ContentMetaChild.jsm, line 179: InvalidStateError: JSWindowActorChild.sendAsyncMessage: JSWindowActorChild cannot send at the moment
1629115303908	Marionette	INFO	Stopped listening on port 56134
JavaScript error: resource:///modules/Interactions.jsm, line 209: NS_ERROR_FAILURE: Component returned failure code: 0x80004005 (NS_ERROR_FAILURE) [nsIUserIdleService.removeIdleObserver]

###!!! [Parent][RunMessage] Error: Channel closing: too late to send/recv, messages will be lost

