1659382485389	mozrunner::runner	INFO	Running command: "/Applications/Firefox.app/Contents/MacOS/firefox-bin" "-marionette" "-foreground" "-no-remote" "-profile" "/var/folders/dj/r_d53pv97qn6cb7zp_63kxxh0000gn/T/rust_mozprofile.pW7X5yxaBVJZ"
2022-08-01 20:34:46.342 plugin-container[98480:4830349] nil host used in call to allowsSpecificHTTPSCertificateForHost
2022-08-01 20:34:46.343 plugin-container[98480:4830349] nil host used in call to allowsAnyHTTPSCertificateForHost:
1659382486348	Marionette	INFO	Marionette enabled
2022-08-01 20:34:46.361 plugin-container[98480:4830349] nil host used in call to allowsSpecificHTTPSCertificateForHost
2022-08-01 20:34:46.361 plugin-container[98480:4830349] nil host used in call to allowsAnyHTTPSCertificateForHost:
2022-08-01 20:34:46.361 plugin-container[98480:4830347] nil host used in call to allowsSpecificHTTPSCertificateForHost
2022-08-01 20:34:46.361 plugin-container[98480:4830347] nil host used in call to allowsAnyHTTPSCertificateForHost:
1659382486392	Marionette	INFO	Listening on port 56801
1659382486669	RemoteAgent	WARN	TLS certificate errors will be ignored for this session
console.warn: SearchSettings: "get: No settings file exists, new profile?" (new NotFoundError("Could not open the file at /var/folders/dj/r_d53pv97qn6cb7zp_63kxxh0000gn/T/rust_mozprofile.pW7X5yxaBVJZ/search.json.mozlz4", (void 0)))
1659382532385	mozrunner::runner	INFO	Running command: "/Applications/Firefox.app/Contents/MacOS/firefox-bin" "-marionette" "-foreground" "-no-remote" "-profile" "/var/folders/dj/r_d53pv97qn6cb7zp_63kxxh0000gn/T/rust_mozprofile.w4TktPLylpw0"
2022-08-01 20:35:32.832 plugin-container[98666:4831480] nil host used in call to allowsSpecificHTTPSCertificateForHost
2022-08-01 20:35:32.832 plugin-container[98666:4831480] nil host used in call to allowsAnyHTTPSCertificateForHost:
2022-08-01 20:35:32.837 plugin-container[98666:4831480] nil host used in call to allowsSpecificHTTPSCertificateForHost
2022-08-01 20:35:32.837 plugin-container[98666:4831480] nil host used in call to allowsAnyHTTPSCertificateForHost:
2022-08-01 20:35:32.837 plugin-container[98666:4831507] nil host used in call to allowsSpecificHTTPSCertificateForHost
2022-08-01 20:35:32.837 plugin-container[98666:4831507] nil host used in call to allowsAnyHTTPSCertificateForHost:
1659382532845	Marionette	INFO	Marionette enabled
1659382532876	Marionette	INFO	Listening on port 56854
1659382533352	RemoteAgent	WARN	TLS certificate errors will be ignored for this session
console.warn: SearchSettings: "get: No settings file exists, new profile?" (new NotFoundError("Could not open the file at /var/folders/dj/r_d53pv97qn6cb7zp_63kxxh0000gn/T/rust_mozprofile.w4TktPLylpw0/search.json.mozlz4", (void 0)))
JavaScript error: https://www.premierleague.com/resources/prod/v6.98.1-4068/ism/js/tcf-cmp.min.js, line 8: GVLError: aborted
2022-08-01 19:35:47.859 plugin-container[98726:4832182] nil host used in call to allowsSpecificHTTPSCertificateForHost
2022-08-01 19:35:47.859 plugin-container[98726:4832182] nil host used in call to allowsAnyHTTPSCertificateForHost:
2022-08-01 19:35:47.861 plugin-container[98726:4832182] nil host used in call to allowsSpecificHTTPSCertificateForHost
2022-08-01 19:35:47.861 plugin-container[98726:4832182] nil host used in call to allowsAnyHTTPSCertificateForHost:
2022-08-01 19:35:47.862 plugin-container[98726:4832183] nil host used in call to allowsSpecificHTTPSCertificateForHost
2022-08-01 19:35:47.862 plugin-container[98726:4832183] nil host used in call to allowsAnyHTTPSCertificateForHost:
1659382548642	Marionette	INFO	Stopped listening on port 56854
1659383026750	mozrunner::runner	INFO	Running command: "/Applications/Firefox.app/Contents/MacOS/firefox-bin" "-marionette" "-foreground" "-no-remote" "-profile" "/var/folders/dj/r_d53pv97qn6cb7zp_63kxxh0000gn/T/rust_mozprofile.LqhqsL8Z6Hx7"
2022-08-01 20:43:47.211 plugin-container[914:4839532] nil host used in call to allowsSpecificHTTPSCertificateForHost
2022-08-01 20:43:47.211 plugin-container[914:4839532] nil host used in call to allowsAnyHTTPSCertificateForHost:
2022-08-01 20:43:47.216 plugin-container[914:4839532] nil host used in call to allowsSpecificHTTPSCertificateForHost
2022-08-01 20:43:47.216 plugin-container[914:4839532] nil host used in call to allowsAnyHTTPSCertificateForHost:
2022-08-01 20:43:47.217 plugin-container[914:4839537] nil host used in call to allowsSpecificHTTPSCertificateForHost
2022-08-01 20:43:47.217 plugin-container[914:4839537] nil host used in call to allowsAnyHTTPSCertificateForHost:
1659383027223	Marionette	INFO	Marionette enabled
1659383027255	Marionette	INFO	Listening on port 57072
1659383027730	RemoteAgent	WARN	TLS certificate errors will be ignored for this session
console.warn: SearchSettings: "get: No settings file exists, new profile?" (new NotFoundError("Could not open the file at /var/folders/dj/r_d53pv97qn6cb7zp_63kxxh0000gn/T/rust_mozprofile.LqhqsL8Z6Hx7/search.json.mozlz4", (void 0)))
JavaScript error: https://www.premierleague.com/resources/prod/v6.98.1-4068/ism/js/tcf-cmp.min.js, line 8: GVLError: aborted
2022-08-01 19:44:08.457 plugin-container[1004:4840329] nil host used in call to allowsSpecificHTTPSCertificateForHost
2022-08-01 19:44:08.457 plugin-container[1004:4840329] nil host used in call to allowsAnyHTTPSCertificateForHost:
2022-08-01 19:44:08.460 plugin-container[1004:4840329] nil host used in call to allowsSpecificHTTPSCertificateForHost
2022-08-01 19:44:08.460 plugin-container[1004:4840329] nil host used in call to allowsAnyHTTPSCertificateForHost:
2022-08-01 19:44:08.461 plugin-container[1004:4840330] nil host used in call to allowsSpecificHTTPSCertificateForHost
2022-08-01 19:44:08.461 plugin-container[1004:4840330] nil host used in call to allowsAnyHTTPSCertificateForHost:
1659383049242	Marionette	INFO	Stopped listening on port 57072
JavaScript error: resource://activity-stream/lib/PersonalityProvider/PersonalityProvider.jsm, line 68: TypeError: http://%(server)s/dummy/blocklist// is not a valid URL.
JavaScript error: resource://activity-stream/lib/PersonalityProvider/PersonalityProvider.jsm, line 68: TypeError: http://%(server)s/dummy/blocklist// is not a valid URL.
JavaScript error: resource://activity-stream/lib/PersonalityProvider/PersonalityProvider.jsm, line 68: TypeError: http://%(server)s/dummy/blocklist// is not a valid URL.
1659388349241	mozrunner::runner	INFO	Running command: "/Applications/Firefox.app/Contents/MacOS/firefox-bin" "-marionette" "-foreground" "-no-remote" "-profile" "/var/folders/dj/r_d53pv97qn6cb7zp_63kxxh0000gn/T/rust_mozprofile.Rnw1VvKFKzIs"
2022-08-01 22:12:29.737 plugin-container[11223:4884240] nil host used in call to allowsSpecificHTTPSCertificateForHost
2022-08-01 22:12:29.737 plugin-container[11223:4884240] nil host used in call to allowsAnyHTTPSCertificateForHost:
2022-08-01 22:12:29.742 plugin-container[11223:4884240] nil host used in call to allowsSpecificHTTPSCertificateForHost
2022-08-01 22:12:29.742 plugin-container[11223:4884240] nil host used in call to allowsAnyHTTPSCertificateForHost:
2022-08-01 22:12:29.743 plugin-container[11223:4884249] nil host used in call to allowsSpecificHTTPSCertificateForHost
2022-08-01 22:12:29.743 plugin-container[11223:4884249] nil host used in call to allowsAnyHTTPSCertificateForHost:
1659388349748	Marionette	INFO	Marionette enabled
1659388349786	Marionette	INFO	Listening on port 58041
1659388350249	RemoteAgent	WARN	TLS certificate errors will be ignored for this session
console.warn: SearchSettings: "get: No settings file exists, new profile?" (new NotFoundError("Could not open the file at /var/folders/dj/r_d53pv97qn6cb7zp_63kxxh0000gn/T/rust_mozprofile.Rnw1VvKFKzIs/search.json.mozlz4", (void 0)))
1659388367240	Marionette	INFO	Stopped listening on port 58041
JavaScript error: chrome://remote/content/marionette/cert.js, line 55: NS_ERROR_NOT_AVAILABLE: Component returned failure code: 0x80040111 (NS_ERROR_NOT_AVAILABLE) [nsICertOverrideService.setDisableAllSecurityChecksAndLetAttackersInterceptMyData]
1659388374593	Marionette	INFO	Stopped listening on port 56801
