1565520078736	mozrunner::runner	INFO	Running command: "/Applications/Firefox.app/Contents/MacOS/firefox-bin" "-marionette" "-foreground" "-no-remote" "-profile" "/var/folders/dj/r_d53pv97qn6cb7zp_63kxxh0000gn/T/rust_mozprofile.iTDnHK7eOsdd"
1565520079361	addons.webextension.screenshots@mozilla.org	WARN	Loading extension 'screenshots@mozilla.org': Reading manifest: Invalid extension permission: mozillaAddons
1565520079362	addons.webextension.screenshots@mozilla.org	WARN	Loading extension 'screenshots@mozilla.org': Reading manifest: Invalid extension permission: telemetry
1565520079362	addons.webextension.screenshots@mozilla.org	WARN	Loading extension 'screenshots@mozilla.org': Reading manifest: Invalid extension permission: resource://pdf.js/
1565520079362	addons.webextension.screenshots@mozilla.org	WARN	Loading extension 'screenshots@mozilla.org': Reading manifest: Invalid extension permission: about:reader*
1565520081298	Marionette	INFO	Listening on port 53056
1565520081305	Marionette	WARN	TLS certificate errors will be ignored for this session
console.error: BroadcastService: 
  receivedBroadcastMessage: handler for
  remote-settings/monitor_changes
  threw error:
  Message: Error: Polling for changes failed: http://%(server)s/dummy/blocklist//buckets/monitor/collections/changes/records?_expected=%221565395285947%22 is not a valid URL..
  Stack:
    remoteSettingsFunction/remoteSettings.pollChanges@resource://services-settings/remote-settings.js:201:13

1565520888661	mozrunner::runner	INFO	Running command: "/Applications/Firefox.app/Contents/MacOS/firefox-bin" "-marionette" "-foreground" "-no-remote" "-profile" "/var/folders/dj/r_d53pv97qn6cb7zp_63kxxh0000gn/T/rust_mozprofile.25LfU2nNfy0S"
1565520889066	addons.webextension.screenshots@mozilla.org	WARN	Loading extension 'screenshots@mozilla.org': Reading manifest: Invalid extension permission: mozillaAddons
1565520889067	addons.webextension.screenshots@mozilla.org	WARN	Loading extension 'screenshots@mozilla.org': Reading manifest: Invalid extension permission: telemetry
1565520889067	addons.webextension.screenshots@mozilla.org	WARN	Loading extension 'screenshots@mozilla.org': Reading manifest: Invalid extension permission: resource://pdf.js/
1565520889067	addons.webextension.screenshots@mozilla.org	WARN	Loading extension 'screenshots@mozilla.org': Reading manifest: Invalid extension permission: about:reader*
1565520890697	Marionette	INFO	Listening on port 53124
1565520890801	Marionette	WARN	TLS certificate errors will be ignored for this session
1565521028069	Marionette	INFO	Stopped listening on port 53124
1565521030309	Marionette	INFO	Stopped listening on port 53056
1565521033129	mozrunner::runner	INFO	Running command: "/Applications/Firefox.app/Contents/MacOS/firefox-bin" "-marionette" "-foreground" "-no-remote" "-profile" "/var/folders/dj/r_d53pv97qn6cb7zp_63kxxh0000gn/T/rust_mozprofile.2YYYw2gA3xOP"
1565521033541	addons.webextension.screenshots@mozilla.org	WARN	Loading extension 'screenshots@mozilla.org': Reading manifest: Invalid extension permission: mozillaAddons
1565521033541	addons.webextension.screenshots@mozilla.org	WARN	Loading extension 'screenshots@mozilla.org': Reading manifest: Invalid extension permission: telemetry
1565521033542	addons.webextension.screenshots@mozilla.org	WARN	Loading extension 'screenshots@mozilla.org': Reading manifest: Invalid extension permission: resource://pdf.js/
1565521033542	addons.webextension.screenshots@mozilla.org	WARN	Loading extension 'screenshots@mozilla.org': Reading manifest: Invalid extension permission: about:reader*
1565521035096	Marionette	INFO	Listening on port 53177
1565521035159	Marionette	WARN	TLS certificate errors will be ignored for this session
1565521052946	mozrunner::runner	INFO	Running command: "/Applications/Firefox.app/Contents/MacOS/firefox-bin" "-marionette" "-foreground" "-no-remote" "-profile" "/var/folders/dj/r_d53pv97qn6cb7zp_63kxxh0000gn/T/rust_mozprofile.Ss6mQmStx7Dv"
1565521053350	addons.webextension.screenshots@mozilla.org	WARN	Loading extension 'screenshots@mozilla.org': Reading manifest: Invalid extension permission: mozillaAddons
1565521053351	addons.webextension.screenshots@mozilla.org	WARN	Loading extension 'screenshots@mozilla.org': Reading manifest: Invalid extension permission: telemetry
1565521053351	addons.webextension.screenshots@mozilla.org	WARN	Loading extension 'screenshots@mozilla.org': Reading manifest: Invalid extension permission: resource://pdf.js/
1565521053351	addons.webextension.screenshots@mozilla.org	WARN	Loading extension 'screenshots@mozilla.org': Reading manifest: Invalid extension permission: about:reader*
1565521054936	Marionette	INFO	Listening on port 53223
1565521054992	Marionette	WARN	TLS certificate errors will be ignored for this session
1565521100133	mozrunner::runner	INFO	Running command: "/Applications/Firefox.app/Contents/MacOS/firefox-bin" "-marionette" "-foreground" "-no-remote" "-profile" "/var/folders/dj/r_d53pv97qn6cb7zp_63kxxh0000gn/T/rust_mozprofile.mxJWtR9YyKB5"
1565521100549	addons.webextension.screenshots@mozilla.org	WARN	Loading extension 'screenshots@mozilla.org': Reading manifest: Invalid extension permission: mozillaAddons
1565521100550	addons.webextension.screenshots@mozilla.org	WARN	Loading extension 'screenshots@mozilla.org': Reading manifest: Invalid extension permission: telemetry
1565521100550	addons.webextension.screenshots@mozilla.org	WARN	Loading extension 'screenshots@mozilla.org': Reading manifest: Invalid extension permission: resource://pdf.js/
1565521100550	addons.webextension.screenshots@mozilla.org	WARN	Loading extension 'screenshots@mozilla.org': Reading manifest: Invalid extension permission: about:reader*
1565521102068	Marionette	INFO	Listening on port 53266
1565521102167	Marionette	WARN	TLS certificate errors will be ignored for this session
1565521113320	Marionette	INFO	Stopped listening on port 53266
console.error: BroadcastService: 
  receivedBroadcastMessage: handler for
  remote-settings/monitor_changes
  threw error:
  Message: Error: Polling for changes failed: http://%(server)s/dummy/blocklist//buckets/monitor/collections/changes/records?_expected=%221565395285947%22 is not a valid URL..
  Stack:
    remoteSettingsFunction/remoteSettings.pollChanges@resource://services-settings/remote-settings.js:201:13

console.error: BroadcastService: 
  receivedBroadcastMessage: handler for
  remote-settings/monitor_changes
  threw error:
  Message: Error: Polling for changes failed: http://%(server)s/dummy/blocklist//buckets/monitor/collections/changes/records?_expected=%221565395285947%22 is not a valid URL..
  Stack:
    remoteSettingsFunction/remoteSettings.pollChanges@resource://services-settings/remote-settings.js:201:13

JavaScript warning: resource:///modules/UrlbarView.jsm, line 123: Array.reduce is deprecated; use Array.prototype.reduce instead
1565521324818	mozrunner::runner	INFO	Running command: "/Applications/Firefox.app/Contents/MacOS/firefox-bin" "-marionette" "-foreground" "-no-remote" "-profile" "/var/folders/dj/r_d53pv97qn6cb7zp_63kxxh0000gn/T/rust_mozprofile.NLQAvGCpwexC"
1565521325216	addons.webextension.screenshots@mozilla.org	WARN	Loading extension 'screenshots@mozilla.org': Reading manifest: Invalid extension permission: mozillaAddons
1565521325216	addons.webextension.screenshots@mozilla.org	WARN	Loading extension 'screenshots@mozilla.org': Reading manifest: Invalid extension permission: telemetry
1565521325216	addons.webextension.screenshots@mozilla.org	WARN	Loading extension 'screenshots@mozilla.org': Reading manifest: Invalid extension permission: resource://pdf.js/
1565521325216	addons.webextension.screenshots@mozilla.org	WARN	Loading extension 'screenshots@mozilla.org': Reading manifest: Invalid extension permission: about:reader*
1565521326633	Marionette	INFO	Listening on port 53393
1565521326646	Marionette	WARN	TLS certificate errors will be ignored for this session
1565521337640	Marionette	INFO	Stopped listening on port 53393
1565521410292	mozrunner::runner	INFO	Running command: "/Applications/Firefox.app/Contents/MacOS/firefox-bin" "-marionette" "-foreground" "-no-remote" "-profile" "/var/folders/dj/r_d53pv97qn6cb7zp_63kxxh0000gn/T/rust_mozprofile.tHZWXqLJ2NUz"
1565521410662	addons.webextension.screenshots@mozilla.org	WARN	Loading extension 'screenshots@mozilla.org': Reading manifest: Invalid extension permission: mozillaAddons
1565521410662	addons.webextension.screenshots@mozilla.org	WARN	Loading extension 'screenshots@mozilla.org': Reading manifest: Invalid extension permission: telemetry
1565521410662	addons.webextension.screenshots@mozilla.org	WARN	Loading extension 'screenshots@mozilla.org': Reading manifest: Invalid extension permission: resource://pdf.js/
1565521410663	addons.webextension.screenshots@mozilla.org	WARN	Loading extension 'screenshots@mozilla.org': Reading manifest: Invalid extension permission: about:reader*
1565521412420	Marionette	INFO	Listening on port 53483
1565521412439	Marionette	WARN	TLS certificate errors will be ignored for this session
console.error: BroadcastService: 
  receivedBroadcastMessage: handler for
  remote-settings/monitor_changes
  threw error:
  Message: Error: Polling for changes failed: http://%(server)s/dummy/blocklist//buckets/monitor/collections/changes/records?_expected=%221565395285947%22 is not a valid URL..
  Stack:
    remoteSettingsFunction/remoteSettings.pollChanges@resource://services-settings/remote-settings.js:201:13

1565521435234	Marionette	INFO	Stopped listening on port 53483
1565521492204	Marionette	INFO	Stopped listening on port 53177
1565521493203	Marionette	INFO	Stopped listening on port 53223
1565598959938	mozrunner::runner	INFO	Running command: "/Applications/Firefox.app/Contents/MacOS/firefox-bin" "-marionette" "-foreground" "-no-remote" "-profile" "/var/folders/dj/r_d53pv97qn6cb7zp_63kxxh0000gn/T/rust_mozprofile.Uh9GWlpC3o1n"
1565598960547	addons.webextension.screenshots@mozilla.org	WARN	Loading extension 'screenshots@mozilla.org': Reading manifest: Invalid extension permission: mozillaAddons
1565598960548	addons.webextension.screenshots@mozilla.org	WARN	Loading extension 'screenshots@mozilla.org': Reading manifest: Invalid extension permission: telemetry
1565598960548	addons.webextension.screenshots@mozilla.org	WARN	Loading extension 'screenshots@mozilla.org': Reading manifest: Invalid extension permission: resource://pdf.js/
1565598960548	addons.webextension.screenshots@mozilla.org	WARN	Loading extension 'screenshots@mozilla.org': Reading manifest: Invalid extension permission: about:reader*
1565598962409	Marionette	INFO	Listening on port 51831
1565598962503	Marionette	WARN	TLS certificate errors will be ignored for this session
JavaScript warning: resource:///modules/UrlbarView.jsm, line 123: Array.reduce is deprecated; use Array.prototype.reduce instead
1565599390127	Marionette	INFO	Stopped listening on port 51831
1565599445962	mozrunner::runner	INFO	Running command: "/Applications/Firefox.app/Contents/MacOS/firefox-bin" "-marionette" "-foreground" "-no-remote" "-profile" "/var/folders/dj/r_d53pv97qn6cb7zp_63kxxh0000gn/T/rust_mozprofile.kPshcYWA2oFS"
1565599446348	addons.webextension.screenshots@mozilla.org	WARN	Loading extension 'screenshots@mozilla.org': Reading manifest: Invalid extension permission: mozillaAddons
1565599446348	addons.webextension.screenshots@mozilla.org	WARN	Loading extension 'screenshots@mozilla.org': Reading manifest: Invalid extension permission: telemetry
1565599446348	addons.webextension.screenshots@mozilla.org	WARN	Loading extension 'screenshots@mozilla.org': Reading manifest: Invalid extension permission: resource://pdf.js/
1565599446349	addons.webextension.screenshots@mozilla.org	WARN	Loading extension 'screenshots@mozilla.org': Reading manifest: Invalid extension permission: about:reader*
1565599447847	Marionette	INFO	Listening on port 52121
1565599447899	Marionette	WARN	TLS certificate errors will be ignored for this session
1565599500187	mozrunner::runner	INFO	Running command: "/Applications/Firefox.app/Contents/MacOS/firefox-bin" "-marionette" "-foreground" "-no-remote" "-profile" "/var/folders/dj/r_d53pv97qn6cb7zp_63kxxh0000gn/T/rust_mozprofile.HskwpwHJwcYe"
1565599500592	addons.webextension.screenshots@mozilla.org	WARN	Loading extension 'screenshots@mozilla.org': Reading manifest: Invalid extension permission: mozillaAddons
1565599500593	addons.webextension.screenshots@mozilla.org	WARN	Loading extension 'screenshots@mozilla.org': Reading manifest: Invalid extension permission: telemetry
1565599500593	addons.webextension.screenshots@mozilla.org	WARN	Loading extension 'screenshots@mozilla.org': Reading manifest: Invalid extension permission: resource://pdf.js/
1565599500593	addons.webextension.screenshots@mozilla.org	WARN	Loading extension 'screenshots@mozilla.org': Reading manifest: Invalid extension permission: about:reader*
1565599502127	Marionette	INFO	Listening on port 52163
1565599502134	Marionette	WARN	TLS certificate errors will be ignored for this session
JavaScript error: https://platform.twitter.com/widgets/widget_iframe.0639d67d95b7680840758b6833f06d87.html?origin=https%3A%2F%2Ffantasy.premierleague.com, line 12: Error: Network error.
console.error: BroadcastService: 
  receivedBroadcastMessage: handler for
  remote-settings/monitor_changes
  threw error:
  Message: Error: Polling for changes failed: http://%(server)s/dummy/blocklist//buckets/monitor/collections/changes/records?_expected=%221565395285947%22 is not a valid URL..
  Stack:
    remoteSettingsFunction/remoteSettings.pollChanges@resource://services-settings/remote-settings.js:201:13

console.error: BroadcastService: 
  receivedBroadcastMessage: handler for
  remote-settings/monitor_changes
  threw error:
  Message: Error: Polling for changes failed: http://%(server)s/dummy/blocklist//buckets/monitor/collections/changes/records?_expected=%221565395285947%22 is not a valid URL..
  Stack:
    remoteSettingsFunction/remoteSettings.pollChanges@resource://services-settings/remote-settings.js:201:13

1565600566911	mozrunner::runner	INFO	Running command: "/Applications/Firefox.app/Contents/MacOS/firefox-bin" "-marionette" "-foreground" "-no-remote" "-profile" "/var/folders/dj/r_d53pv97qn6cb7zp_63kxxh0000gn/T/rust_mozprofile.nwboR7A9kRv2"
1565600567329	addons.webextension.screenshots@mozilla.org	WARN	Loading extension 'screenshots@mozilla.org': Reading manifest: Invalid extension permission: mozillaAddons
1565600567329	addons.webextension.screenshots@mozilla.org	WARN	Loading extension 'screenshots@mozilla.org': Reading manifest: Invalid extension permission: telemetry
1565600567329	addons.webextension.screenshots@mozilla.org	WARN	Loading extension 'screenshots@mozilla.org': Reading manifest: Invalid extension permission: resource://pdf.js/
1565600567329	addons.webextension.screenshots@mozilla.org	WARN	Loading extension 'screenshots@mozilla.org': Reading manifest: Invalid extension permission: about:reader*
1565600568857	Marionette	INFO	Listening on port 52299
1565600568955	Marionette	WARN	TLS certificate errors will be ignored for this session
JavaScript error: https://platform.twitter.com/widgets/widget_iframe.0639d67d95b7680840758b6833f06d87.html?origin=https%3A%2F%2Ffantasy.premierleague.com, line 12: Error: Network error.
1565600660477	mozrunner::runner	INFO	Running command: "/Applications/Firefox.app/Contents/MacOS/firefox-bin" "-marionette" "-foreground" "-no-remote" "-profile" "/var/folders/dj/r_d53pv97qn6cb7zp_63kxxh0000gn/T/rust_mozprofile.39ixTNSbWsMA"
1565600660893	addons.webextension.screenshots@mozilla.org	WARN	Loading extension 'screenshots@mozilla.org': Reading manifest: Invalid extension permission: mozillaAddons
1565600660893	addons.webextension.screenshots@mozilla.org	WARN	Loading extension 'screenshots@mozilla.org': Reading manifest: Invalid extension permission: telemetry
1565600660893	addons.webextension.screenshots@mozilla.org	WARN	Loading extension 'screenshots@mozilla.org': Reading manifest: Invalid extension permission: resource://pdf.js/
1565600660894	addons.webextension.screenshots@mozilla.org	WARN	Loading extension 'screenshots@mozilla.org': Reading manifest: Invalid extension permission: about:reader*
1565600662499	Marionette	INFO	Listening on port 52384
1565600662519	Marionette	WARN	TLS certificate errors will be ignored for this session
JavaScript error: https://platform.twitter.com/widgets/widget_iframe.0639d67d95b7680840758b6833f06d87.html?origin=https%3A%2F%2Ffantasy.premierleague.com, line 12: Error: Network error.
1565600666343	Marionette	INFO	Stopped listening on port 52384
1565600727702	mozrunner::runner	INFO	Running command: "/Applications/Firefox.app/Contents/MacOS/firefox-bin" "-marionette" "-foreground" "-no-remote" "-profile" "/var/folders/dj/r_d53pv97qn6cb7zp_63kxxh0000gn/T/rust_mozprofile.hDZgYDtJbTht"
1565600728205	addons.webextension.screenshots@mozilla.org	WARN	Loading extension 'screenshots@mozilla.org': Reading manifest: Invalid extension permission: mozillaAddons
1565600728205	addons.webextension.screenshots@mozilla.org	WARN	Loading extension 'screenshots@mozilla.org': Reading manifest: Invalid extension permission: telemetry
1565600728205	addons.webextension.screenshots@mozilla.org	WARN	Loading extension 'screenshots@mozilla.org': Reading manifest: Invalid extension permission: resource://pdf.js/
1565600728205	addons.webextension.screenshots@mozilla.org	WARN	Loading extension 'screenshots@mozilla.org': Reading manifest: Invalid extension permission: about:reader*
1565600729818	Marionette	INFO	Listening on port 52457
1565600729848	Marionette	WARN	TLS certificate errors will be ignored for this session
1565600729880	Marionette	INFO	Stopped listening on port 52457
1565600840016	mozrunner::runner	INFO	Running command: "/Applications/Firefox.app/Contents/MacOS/firefox-bin" "-marionette" "-foreground" "-no-remote" "-profile" "/var/folders/dj/r_d53pv97qn6cb7zp_63kxxh0000gn/T/rust_mozprofile.B75WBenzNlKs"
1565600840423	addons.webextension.screenshots@mozilla.org	WARN	Loading extension 'screenshots@mozilla.org': Reading manifest: Invalid extension permission: mozillaAddons
1565600840423	addons.webextension.screenshots@mozilla.org	WARN	Loading extension 'screenshots@mozilla.org': Reading manifest: Invalid extension permission: telemetry
1565600840423	addons.webextension.screenshots@mozilla.org	WARN	Loading extension 'screenshots@mozilla.org': Reading manifest: Invalid extension permission: resource://pdf.js/
1565600840423	addons.webextension.screenshots@mozilla.org	WARN	Loading extension 'screenshots@mozilla.org': Reading manifest: Invalid extension permission: about:reader*
1565600841947	Marionette	INFO	Listening on port 52496
1565600841974	Marionette	WARN	TLS certificate errors will be ignored for this session
1565600842005	Marionette	INFO	Stopped listening on port 52496
1565600871608	mozrunner::runner	INFO	Running command: "/Applications/Firefox.app/Contents/MacOS/firefox-bin" "-marionette" "-foreground" "-no-remote" "-profile" "/var/folders/dj/r_d53pv97qn6cb7zp_63kxxh0000gn/T/rust_mozprofile.a2upILQQ6MMR"
1565600872012	addons.webextension.screenshots@mozilla.org	WARN	Loading extension 'screenshots@mozilla.org': Reading manifest: Invalid extension permission: mozillaAddons
1565600872012	addons.webextension.screenshots@mozilla.org	WARN	Loading extension 'screenshots@mozilla.org': Reading manifest: Invalid extension permission: telemetry
1565600872013	addons.webextension.screenshots@mozilla.org	WARN	Loading extension 'screenshots@mozilla.org': Reading manifest: Invalid extension permission: resource://pdf.js/
1565600872013	addons.webextension.screenshots@mozilla.org	WARN	Loading extension 'screenshots@mozilla.org': Reading manifest: Invalid extension permission: about:reader*
1565600873757	Marionette	INFO	Listening on port 52532
1565600873770	Marionette	WARN	TLS certificate errors will be ignored for this session
1565600873814	Marionette	INFO	Stopped listening on port 52532
1565600996158	mozrunner::runner	INFO	Running command: "/Applications/Firefox.app/Contents/MacOS/firefox-bin" "-marionette" "-foreground" "-no-remote" "-profile" "/var/folders/dj/r_d53pv97qn6cb7zp_63kxxh0000gn/T/rust_mozprofile.Eg7RULBcTcRv"
1565600996554	addons.webextension.screenshots@mozilla.org	WARN	Loading extension 'screenshots@mozilla.org': Reading manifest: Invalid extension permission: mozillaAddons
1565600996555	addons.webextension.screenshots@mozilla.org	WARN	Loading extension 'screenshots@mozilla.org': Reading manifest: Invalid extension permission: telemetry
1565600996555	addons.webextension.screenshots@mozilla.org	WARN	Loading extension 'screenshots@mozilla.org': Reading manifest: Invalid extension permission: resource://pdf.js/
1565600996555	addons.webextension.screenshots@mozilla.org	WARN	Loading extension 'screenshots@mozilla.org': Reading manifest: Invalid extension permission: about:reader*
1565600998067	Marionette	INFO	Listening on port 52610
1565600998097	Marionette	WARN	TLS certificate errors will be ignored for this session
1565601328266	mozrunner::runner	INFO	Running command: "/Applications/Firefox.app/Contents/MacOS/firefox-bin" "-marionette" "-foreground" "-no-remote" "-profile" "/var/folders/dj/r_d53pv97qn6cb7zp_63kxxh0000gn/T/rust_mozprofile.ICeO57uhhr8X"
1565601328736	addons.webextension.screenshots@mozilla.org	WARN	Loading extension 'screenshots@mozilla.org': Reading manifest: Invalid extension permission: mozillaAddons
1565601328737	addons.webextension.screenshots@mozilla.org	WARN	Loading extension 'screenshots@mozilla.org': Reading manifest: Invalid extension permission: telemetry
1565601328737	addons.webextension.screenshots@mozilla.org	WARN	Loading extension 'screenshots@mozilla.org': Reading manifest: Invalid extension permission: resource://pdf.js/
1565601328737	addons.webextension.screenshots@mozilla.org	WARN	Loading extension 'screenshots@mozilla.org': Reading manifest: Invalid extension permission: about:reader*
1565601330477	Marionette	INFO	Listening on port 52689
1565601330533	Marionette	WARN	TLS certificate errors will be ignored for this session
1565601347650	mozrunner::runner	INFO	Running command: "/Applications/Firefox.app/Contents/MacOS/firefox-bin" "-marionette" "-foreground" "-no-remote" "-profile" "/var/folders/dj/r_d53pv97qn6cb7zp_63kxxh0000gn/T/rust_mozprofile.89PdiaWFZm51"
1565601348140	addons.webextension.screenshots@mozilla.org	WARN	Loading extension 'screenshots@mozilla.org': Reading manifest: Invalid extension permission: mozillaAddons
1565601348140	addons.webextension.screenshots@mozilla.org	WARN	Loading extension 'screenshots@mozilla.org': Reading manifest: Invalid extension permission: telemetry
1565601348140	addons.webextension.screenshots@mozilla.org	WARN	Loading extension 'screenshots@mozilla.org': Reading manifest: Invalid extension permission: resource://pdf.js/
1565601348140	addons.webextension.screenshots@mozilla.org	WARN	Loading extension 'screenshots@mozilla.org': Reading manifest: Invalid extension permission: about:reader*
1565601349809	Marionette	INFO	Listening on port 52731
1565601349908	Marionette	WARN	TLS certificate errors will be ignored for this session
1565601365439	mozrunner::runner	INFO	Running command: "/Applications/Firefox.app/Contents/MacOS/firefox-bin" "-marionette" "-foreground" "-no-remote" "-profile" "/var/folders/dj/r_d53pv97qn6cb7zp_63kxxh0000gn/T/rust_mozprofile.vuCiUYSFeSpm"
1565601365915	addons.webextension.screenshots@mozilla.org	WARN	Loading extension 'screenshots@mozilla.org': Reading manifest: Invalid extension permission: mozillaAddons
1565601365916	addons.webextension.screenshots@mozilla.org	WARN	Loading extension 'screenshots@mozilla.org': Reading manifest: Invalid extension permission: telemetry
1565601365916	addons.webextension.screenshots@mozilla.org	WARN	Loading extension 'screenshots@mozilla.org': Reading manifest: Invalid extension permission: resource://pdf.js/
1565601365916	addons.webextension.screenshots@mozilla.org	WARN	Loading extension 'screenshots@mozilla.org': Reading manifest: Invalid extension permission: about:reader*
1565601367598	Marionette	INFO	Listening on port 52773
1565601367607	Marionette	WARN	TLS certificate errors will be ignored for this session
1565601453102	mozrunner::runner	INFO	Running command: "/Applications/Firefox.app/Contents/MacOS/firefox-bin" "-marionette" "-foreground" "-no-remote" "-profile" "/var/folders/dj/r_d53pv97qn6cb7zp_63kxxh0000gn/T/rust_mozprofile.dtqZtdAPYse9"
1565601453567	addons.webextension.screenshots@mozilla.org	WARN	Loading extension 'screenshots@mozilla.org': Reading manifest: Invalid extension permission: mozillaAddons
1565601453567	addons.webextension.screenshots@mozilla.org	WARN	Loading extension 'screenshots@mozilla.org': Reading manifest: Invalid extension permission: telemetry
1565601453567	addons.webextension.screenshots@mozilla.org	WARN	Loading extension 'screenshots@mozilla.org': Reading manifest: Invalid extension permission: resource://pdf.js/
1565601453567	addons.webextension.screenshots@mozilla.org	WARN	Loading extension 'screenshots@mozilla.org': Reading manifest: Invalid extension permission: about:reader*
1565601455197	Marionette	INFO	Listening on port 52822
1565601455279	Marionette	WARN	TLS certificate errors will be ignored for this session
1565601542858	Marionette	INFO	Stopped listening on port 52822
1565601543308	Marionette	INFO	Stopped listening on port 52731
1565601543608	Marionette	INFO	Stopped listening on port 52773
1565601543909	Marionette	INFO	Stopped listening on port 52689
1565601544060	Marionette	INFO	Stopped listening on port 52610
1565601544251	Marionette	INFO	Stopped listening on port 52163
1565601545250	Marionette	INFO	Stopped listening on port 52121
1565601546219	Marionette	INFO	Stopped listening on port 52299
1565601553135	mozrunner::runner	INFO	Running command: "/Applications/Firefox.app/Contents/MacOS/firefox-bin" "-marionette" "-foreground" "-no-remote" "-profile" "/var/folders/dj/r_d53pv97qn6cb7zp_63kxxh0000gn/T/rust_mozprofile.XD8rFEURwfs8"
1565601553546	addons.webextension.screenshots@mozilla.org	WARN	Loading extension 'screenshots@mozilla.org': Reading manifest: Invalid extension permission: mozillaAddons
1565601553546	addons.webextension.screenshots@mozilla.org	WARN	Loading extension 'screenshots@mozilla.org': Reading manifest: Invalid extension permission: telemetry
1565601553546	addons.webextension.screenshots@mozilla.org	WARN	Loading extension 'screenshots@mozilla.org': Reading manifest: Invalid extension permission: resource://pdf.js/
1565601553546	addons.webextension.screenshots@mozilla.org	WARN	Loading extension 'screenshots@mozilla.org': Reading manifest: Invalid extension permission: about:reader*
1565601555084	Marionette	INFO	Listening on port 52870
1565601555186	Marionette	WARN	TLS certificate errors will be ignored for this session
1565601555217	Marionette	INFO	Stopped listening on port 52870
1565603003577	mozrunner::runner	INFO	Running command: "/Applications/Firefox.app/Contents/MacOS/firefox-bin" "-marionette" "-foreground" "-no-remote" "-profile" "/var/folders/dj/r_d53pv97qn6cb7zp_63kxxh0000gn/T/rust_mozprofile.GKvS5IxcKYGT"
1565603003960	addons.webextension.screenshots@mozilla.org	WARN	Loading extension 'screenshots@mozilla.org': Reading manifest: Invalid extension permission: mozillaAddons
1565603003960	addons.webextension.screenshots@mozilla.org	WARN	Loading extension 'screenshots@mozilla.org': Reading manifest: Invalid extension permission: telemetry
1565603003961	addons.webextension.screenshots@mozilla.org	WARN	Loading extension 'screenshots@mozilla.org': Reading manifest: Invalid extension permission: resource://pdf.js/
1565603003961	addons.webextension.screenshots@mozilla.org	WARN	Loading extension 'screenshots@mozilla.org': Reading manifest: Invalid extension permission: about:reader*
1565603005468	Marionette	INFO	Listening on port 53043
1565603005520	Marionette	WARN	TLS certificate errors will be ignored for this session
1565603020282	Marionette	INFO	Stopped listening on port 53043
1565603228909	mozrunner::runner	INFO	Running command: "/Applications/Firefox.app/Contents/MacOS/firefox-bin" "-marionette" "-foreground" "-no-remote" "-profile" "/var/folders/dj/r_d53pv97qn6cb7zp_63kxxh0000gn/T/rust_mozprofile.1Pj0SDJnyU9s"
1565603229304	addons.webextension.screenshots@mozilla.org	WARN	Loading extension 'screenshots@mozilla.org': Reading manifest: Invalid extension permission: mozillaAddons
1565603229304	addons.webextension.screenshots@mozilla.org	WARN	Loading extension 'screenshots@mozilla.org': Reading manifest: Invalid extension permission: telemetry
1565603229304	addons.webextension.screenshots@mozilla.org	WARN	Loading extension 'screenshots@mozilla.org': Reading manifest: Invalid extension permission: resource://pdf.js/
1565603229304	addons.webextension.screenshots@mozilla.org	WARN	Loading extension 'screenshots@mozilla.org': Reading manifest: Invalid extension permission: about:reader*
1565603230810	Marionette	INFO	Listening on port 53206
1565603230840	Marionette	WARN	TLS certificate errors will be ignored for this session
1565603245501	Marionette	INFO	Stopped listening on port 53206
1565603677525	mozrunner::runner	INFO	Running command: "/Applications/Firefox.app/Contents/MacOS/firefox-bin" "-marionette" "-foreground" "-no-remote" "-profile" "/var/folders/dj/r_d53pv97qn6cb7zp_63kxxh0000gn/T/rust_mozprofile.1TIYiQ2cbGZ1"
1565603677979	addons.webextension.screenshots@mozilla.org	WARN	Loading extension 'screenshots@mozilla.org': Reading manifest: Invalid extension permission: mozillaAddons
1565603677979	addons.webextension.screenshots@mozilla.org	WARN	Loading extension 'screenshots@mozilla.org': Reading manifest: Invalid extension permission: telemetry
1565603677979	addons.webextension.screenshots@mozilla.org	WARN	Loading extension 'screenshots@mozilla.org': Reading manifest: Invalid extension permission: resource://pdf.js/
1565603677979	addons.webextension.screenshots@mozilla.org	WARN	Loading extension 'screenshots@mozilla.org': Reading manifest: Invalid extension permission: about:reader*
1565603679665	Marionette	INFO	Listening on port 53549
1565603679682	Marionette	WARN	TLS certificate errors will be ignored for this session
[GFX1-]: Receive IPC close with reason=AbnormalShutdown
Exiting due to channel error.
[GFX1-]: Receive IPC close with reason=AbnormalShutdown
[GFX1-]: Receive IPC close with reason=AbnormalShutdown
Exiting due to channel error.
Exiting due to channel error.
1565603771296	mozrunner::runner	INFO	Running command: "/Applications/Firefox.app/Contents/MacOS/firefox-bin" "-marionette" "-foreground" "-no-remote" "-profile" "/var/folders/dj/r_d53pv97qn6cb7zp_63kxxh0000gn/T/rust_mozprofile.iuBbNJ4VMQEp"
1565603771722	addons.webextension.screenshots@mozilla.org	WARN	Loading extension 'screenshots@mozilla.org': Reading manifest: Invalid extension permission: mozillaAddons
1565603771722	addons.webextension.screenshots@mozilla.org	WARN	Loading extension 'screenshots@mozilla.org': Reading manifest: Invalid extension permission: telemetry
1565603771722	addons.webextension.screenshots@mozilla.org	WARN	Loading extension 'screenshots@mozilla.org': Reading manifest: Invalid extension permission: resource://pdf.js/
1565603771722	addons.webextension.screenshots@mozilla.org	WARN	Loading extension 'screenshots@mozilla.org': Reading manifest: Invalid extension permission: about:reader*
1565603773287	Marionette	INFO	Listening on port 53688
1565603773355	Marionette	WARN	TLS certificate errors will be ignored for this session
console.error: BroadcastService: 
  receivedBroadcastMessage: handler for
  remote-settings/monitor_changes
  threw error:
  Message: Error: Polling for changes failed: http://%(server)s/dummy/blocklist//buckets/monitor/collections/changes/records?_expected=%221565395285947%22 is not a valid URL..
  Stack:
    remoteSettingsFunction/remoteSettings.pollChanges@resource://services-settings/remote-settings.js:201:13

1565603971340	Marionette	INFO	Stopped listening on port 53688
1565604985339	mozrunner::runner	INFO	Running command: "/Applications/Firefox.app/Contents/MacOS/firefox-bin" "-marionette" "-foreground" "-no-remote" "-profile" "/var/folders/dj/r_d53pv97qn6cb7zp_63kxxh0000gn/T/rust_mozprofile.FYDdx8CzG8JH"
1565604985782	addons.webextension.screenshots@mozilla.org	WARN	Loading extension 'screenshots@mozilla.org': Reading manifest: Invalid extension permission: mozillaAddons
1565604985782	addons.webextension.screenshots@mozilla.org	WARN	Loading extension 'screenshots@mozilla.org': Reading manifest: Invalid extension permission: telemetry
1565604985782	addons.webextension.screenshots@mozilla.org	WARN	Loading extension 'screenshots@mozilla.org': Reading manifest: Invalid extension permission: resource://pdf.js/
1565604985782	addons.webextension.screenshots@mozilla.org	WARN	Loading extension 'screenshots@mozilla.org': Reading manifest: Invalid extension permission: about:reader*
1565604987324	Marionette	INFO	Listening on port 54107
1565604987391	Marionette	WARN	TLS certificate errors will be ignored for this session
1565605012162	Marionette	INFO	Stopped listening on port 54107
1565605035950	mozrunner::runner	INFO	Running command: "/Applications/Firefox.app/Contents/MacOS/firefox-bin" "-marionette" "-foreground" "-no-remote" "-profile" "/var/folders/dj/r_d53pv97qn6cb7zp_63kxxh0000gn/T/rust_mozprofile.fDIqJ7G9DYbB"
1565605036365	addons.webextension.screenshots@mozilla.org	WARN	Loading extension 'screenshots@mozilla.org': Reading manifest: Invalid extension permission: mozillaAddons
1565605036365	addons.webextension.screenshots@mozilla.org	WARN	Loading extension 'screenshots@mozilla.org': Reading manifest: Invalid extension permission: telemetry
1565605036365	addons.webextension.screenshots@mozilla.org	WARN	Loading extension 'screenshots@mozilla.org': Reading manifest: Invalid extension permission: resource://pdf.js/
1565605036365	addons.webextension.screenshots@mozilla.org	WARN	Loading extension 'screenshots@mozilla.org': Reading manifest: Invalid extension permission: about:reader*
1565605037925	Marionette	INFO	Listening on port 54148
1565605037985	Marionette	WARN	TLS certificate errors will be ignored for this session
1565605038014	Marionette	INFO	Stopped listening on port 54148
1565605073069	mozrunner::runner	INFO	Running command: "/Applications/Firefox.app/Contents/MacOS/firefox-bin" "-marionette" "-foreground" "-no-remote" "-profile" "/var/folders/dj/r_d53pv97qn6cb7zp_63kxxh0000gn/T/rust_mozprofile.efz8028fYjDW"
1565605073546	addons.webextension.screenshots@mozilla.org	WARN	Loading extension 'screenshots@mozilla.org': Reading manifest: Invalid extension permission: mozillaAddons
1565605073546	addons.webextension.screenshots@mozilla.org	WARN	Loading extension 'screenshots@mozilla.org': Reading manifest: Invalid extension permission: telemetry
1565605073546	addons.webextension.screenshots@mozilla.org	WARN	Loading extension 'screenshots@mozilla.org': Reading manifest: Invalid extension permission: resource://pdf.js/
1565605073546	addons.webextension.screenshots@mozilla.org	WARN	Loading extension 'screenshots@mozilla.org': Reading manifest: Invalid extension permission: about:reader*
1565605075122	Marionette	INFO	Listening on port 54185
1565605075220	Marionette	WARN	TLS certificate errors will be ignored for this session
1565605101073	mozrunner::runner	INFO	Running command: "/Applications/Firefox.app/Contents/MacOS/firefox-bin" "-marionette" "-foreground" "-no-remote" "-profile" "/var/folders/dj/r_d53pv97qn6cb7zp_63kxxh0000gn/T/rust_mozprofile.jeh63vOknRxk"
1565605101490	addons.webextension.screenshots@mozilla.org	WARN	Loading extension 'screenshots@mozilla.org': Reading manifest: Invalid extension permission: mozillaAddons
1565605101490	addons.webextension.screenshots@mozilla.org	WARN	Loading extension 'screenshots@mozilla.org': Reading manifest: Invalid extension permission: telemetry
1565605101490	addons.webextension.screenshots@mozilla.org	WARN	Loading extension 'screenshots@mozilla.org': Reading manifest: Invalid extension permission: resource://pdf.js/
1565605101490	addons.webextension.screenshots@mozilla.org	WARN	Loading extension 'screenshots@mozilla.org': Reading manifest: Invalid extension permission: about:reader*
1565605103041	Marionette	INFO	Listening on port 54248
1565605103128	Marionette	WARN	TLS certificate errors will be ignored for this session
1565605163183	mozrunner::runner	INFO	Running command: "/Applications/Firefox.app/Contents/MacOS/firefox-bin" "-marionette" "-foreground" "-no-remote" "-profile" "/var/folders/dj/r_d53pv97qn6cb7zp_63kxxh0000gn/T/rust_mozprofile.HIjD404k1XhJ"
1565605163611	addons.webextension.screenshots@mozilla.org	WARN	Loading extension 'screenshots@mozilla.org': Reading manifest: Invalid extension permission: mozillaAddons
1565605163611	addons.webextension.screenshots@mozilla.org	WARN	Loading extension 'screenshots@mozilla.org': Reading manifest: Invalid extension permission: telemetry
1565605163611	addons.webextension.screenshots@mozilla.org	WARN	Loading extension 'screenshots@mozilla.org': Reading manifest: Invalid extension permission: resource://pdf.js/
1565605163612	addons.webextension.screenshots@mozilla.org	WARN	Loading extension 'screenshots@mozilla.org': Reading manifest: Invalid extension permission: about:reader*
1565605165170	Marionette	INFO	Listening on port 54344
1565605165230	Marionette	WARN	TLS certificate errors will be ignored for this session
1565605299518	mozrunner::runner	INFO	Running command: "/Applications/Firefox.app/Contents/MacOS/firefox-bin" "-marionette" "-foreground" "-no-remote" "-profile" "/var/folders/dj/r_d53pv97qn6cb7zp_63kxxh0000gn/T/rust_mozprofile.QO6bNFyKsquI"
1565605300007	addons.webextension.screenshots@mozilla.org	WARN	Loading extension 'screenshots@mozilla.org': Reading manifest: Invalid extension permission: mozillaAddons
1565605300007	addons.webextension.screenshots@mozilla.org	WARN	Loading extension 'screenshots@mozilla.org': Reading manifest: Invalid extension permission: telemetry
1565605300007	addons.webextension.screenshots@mozilla.org	WARN	Loading extension 'screenshots@mozilla.org': Reading manifest: Invalid extension permission: resource://pdf.js/
1565605300007	addons.webextension.screenshots@mozilla.org	WARN	Loading extension 'screenshots@mozilla.org': Reading manifest: Invalid extension permission: about:reader*
1565605301723	Marionette	INFO	Listening on port 54469
1565605301789	Marionette	WARN	TLS certificate errors will be ignored for this session
console.error: BroadcastService: 
  receivedBroadcastMessage: handler for
  remote-settings/monitor_changes
  threw error:
  Message: Error: Polling for changes failed: http://%(server)s/dummy/blocklist//buckets/monitor/collections/changes/records?_expected=%221565395285947%22 is not a valid URL..
  Stack:
    remoteSettingsFunction/remoteSettings.pollChanges@resource://services-settings/remote-settings.js:201:13

console.error: BroadcastService: 
  receivedBroadcastMessage: handler for
  remote-settings/monitor_changes
  threw error:
  Message: Error: Polling for changes failed: http://%(server)s/dummy/blocklist//buckets/monitor/collections/changes/records?_expected=%221565395285947%22 is not a valid URL..
  Stack:
    remoteSettingsFunction/remoteSettings.pollChanges@resource://services-settings/remote-settings.js:201:13

1565605502260	Marionette	INFO	Stopped listening on port 54469
1565605619616	mozrunner::runner	INFO	Running command: "/Applications/Firefox.app/Contents/MacOS/firefox-bin" "-marionette" "-foreground" "-no-remote" "-profile" "/var/folders/dj/r_d53pv97qn6cb7zp_63kxxh0000gn/T/rust_mozprofile.oKe4Ple7JTcP"
1565605620084	addons.webextension.screenshots@mozilla.org	WARN	Loading extension 'screenshots@mozilla.org': Reading manifest: Invalid extension permission: mozillaAddons
1565605620084	addons.webextension.screenshots@mozilla.org	WARN	Loading extension 'screenshots@mozilla.org': Reading manifest: Invalid extension permission: telemetry
1565605620084	addons.webextension.screenshots@mozilla.org	WARN	Loading extension 'screenshots@mozilla.org': Reading manifest: Invalid extension permission: resource://pdf.js/
1565605620084	addons.webextension.screenshots@mozilla.org	WARN	Loading extension 'screenshots@mozilla.org': Reading manifest: Invalid extension permission: about:reader*
1565605621846	Marionette	INFO	Listening on port 54603
1565605621881	Marionette	WARN	TLS certificate errors will be ignored for this session
Exiting due to channel error.
[GFX1-]: Receive IPC close with reason=AbnormalShutdown
JavaScript error: , line 0: AbortError: The operation was aborted. 
[GFX1-]: Receive IPC close with reason=AbnormalShutdown
[Child 1916, Chrome_ChildThread] WARNING: pipe error: Broken pipe: file /builds/worker/workspace/build/src/ipc/chromium/src/chrome/common/ipc_channel_posix.cc, line 727
Exiting due to channel error.
Exiting due to channel error.
1565605984196	mozrunner::runner	INFO	Running command: "/Applications/Firefox.app/Contents/MacOS/firefox-bin" "-marionette" "-foreground" "-no-remote" "-profile" "/var/folders/dj/r_d53pv97qn6cb7zp_63kxxh0000gn/T/rust_mozprofile.XA4WQ3Ab5GwF"
1565605984608	addons.webextension.screenshots@mozilla.org	WARN	Loading extension 'screenshots@mozilla.org': Reading manifest: Invalid extension permission: mozillaAddons
1565605984608	addons.webextension.screenshots@mozilla.org	WARN	Loading extension 'screenshots@mozilla.org': Reading manifest: Invalid extension permission: telemetry
1565605984608	addons.webextension.screenshots@mozilla.org	WARN	Loading extension 'screenshots@mozilla.org': Reading manifest: Invalid extension permission: resource://pdf.js/
1565605984609	addons.webextension.screenshots@mozilla.org	WARN	Loading extension 'screenshots@mozilla.org': Reading manifest: Invalid extension permission: about:reader*
1565605986170	Marionette	INFO	Listening on port 54771
1565605986245	Marionette	WARN	TLS certificate errors will be ignored for this session
[GFX1-]: Receive IPC close with reason=AbnormalShutdown
Exiting due to channel error.
[GFX1-]: Receive IPC close with reason=AbnormalShutdown
JavaScript error: , line 0: AbortError: The operation was aborted. 
[GFX1-]: Receive IPC close with reason=AbnormalShutdown
Exiting due to channel error.
Exiting due to channel error.
1565606849780	mozrunner::runner	INFO	Running command: "/Applications/Firefox.app/Contents/MacOS/firefox-bin" "-marionette" "-foreground" "-no-remote" "-profile" "/var/folders/dj/r_d53pv97qn6cb7zp_63kxxh0000gn/T/rust_mozprofile.qGyAst6i9wyF"
1565606850272	addons.webextension.screenshots@mozilla.org	WARN	Loading extension 'screenshots@mozilla.org': Reading manifest: Invalid extension permission: mozillaAddons
1565606850272	addons.webextension.screenshots@mozilla.org	WARN	Loading extension 'screenshots@mozilla.org': Reading manifest: Invalid extension permission: telemetry
1565606850272	addons.webextension.screenshots@mozilla.org	WARN	Loading extension 'screenshots@mozilla.org': Reading manifest: Invalid extension permission: resource://pdf.js/
1565606850272	addons.webextension.screenshots@mozilla.org	WARN	Loading extension 'screenshots@mozilla.org': Reading manifest: Invalid extension permission: about:reader*
1565606851968	Marionette	INFO	Listening on port 54970
1565606852038	Marionette	WARN	TLS certificate errors will be ignored for this session
[GFX1-]: Receive IPC close with reason=AbnormalShutdown
Exiting due to channel error.
[GFX1-]: Receive IPC close with reason=AbnormalShutdown
JavaScript error: , line 0: AbortError: The operation was aborted. 
[GFX1-]: Receive IPC close with reason=AbnormalShutdown
Exiting due to channel error.
Exiting due to channel error.
1565608160237	Marionette	INFO	Stopped listening on port 54344
1565608160943	Marionette	INFO	Stopped listening on port 54248
1565608161485	Marionette	INFO	Stopped listening on port 54185
1565608166847	mozrunner::runner	INFO	Running command: "/Applications/Firefox.app/Contents/MacOS/firefox-bin" "-marionette" "-foreground" "-no-remote" "-profile" "/var/folders/dj/r_d53pv97qn6cb7zp_63kxxh0000gn/T/rust_mozprofile.xpVR0k5l1tiX"
1565608167287	addons.webextension.screenshots@mozilla.org	WARN	Loading extension 'screenshots@mozilla.org': Reading manifest: Invalid extension permission: mozillaAddons
1565608167287	addons.webextension.screenshots@mozilla.org	WARN	Loading extension 'screenshots@mozilla.org': Reading manifest: Invalid extension permission: telemetry
1565608167288	addons.webextension.screenshots@mozilla.org	WARN	Loading extension 'screenshots@mozilla.org': Reading manifest: Invalid extension permission: resource://pdf.js/
1565608167288	addons.webextension.screenshots@mozilla.org	WARN	Loading extension 'screenshots@mozilla.org': Reading manifest: Invalid extension permission: about:reader*
1565608168836	Marionette	INFO	Listening on port 55319
1565608168900	Marionette	WARN	TLS certificate errors will be ignored for this session
1565608187809	Marionette	INFO	Stopped listening on port 55319
1565608197917	mozrunner::runner	INFO	Running command: "/Applications/Firefox.app/Contents/MacOS/firefox-bin" "-marionette" "-foreground" "-no-remote" "-profile" "/var/folders/dj/r_d53pv97qn6cb7zp_63kxxh0000gn/T/rust_mozprofile.1lpyhsDDIlpv"
1565608198327	addons.webextension.screenshots@mozilla.org	WARN	Loading extension 'screenshots@mozilla.org': Reading manifest: Invalid extension permission: mozillaAddons
1565608198327	addons.webextension.screenshots@mozilla.org	WARN	Loading extension 'screenshots@mozilla.org': Reading manifest: Invalid extension permission: telemetry
1565608198327	addons.webextension.screenshots@mozilla.org	WARN	Loading extension 'screenshots@mozilla.org': Reading manifest: Invalid extension permission: resource://pdf.js/
1565608198327	addons.webextension.screenshots@mozilla.org	WARN	Loading extension 'screenshots@mozilla.org': Reading manifest: Invalid extension permission: about:reader*
1565608199838	Marionette	INFO	Listening on port 55392
1565608199876	Marionette	WARN	TLS certificate errors will be ignored for this session
1565608217184	Marionette	INFO	Stopped listening on port 55392
1565608926878	mozrunner::runner	INFO	Running command: "/Applications/Firefox.app/Contents/MacOS/firefox-bin" "-marionette" "-foreground" "-no-remote" "-profile" "/var/folders/dj/r_d53pv97qn6cb7zp_63kxxh0000gn/T/rust_mozprofile.DtClkxehMYbI"
1565608927284	addons.webextension.screenshots@mozilla.org	WARN	Loading extension 'screenshots@mozilla.org': Reading manifest: Invalid extension permission: mozillaAddons
1565608927285	addons.webextension.screenshots@mozilla.org	WARN	Loading extension 'screenshots@mozilla.org': Reading manifest: Invalid extension permission: telemetry
1565608927285	addons.webextension.screenshots@mozilla.org	WARN	Loading extension 'screenshots@mozilla.org': Reading manifest: Invalid extension permission: resource://pdf.js/
1565608927285	addons.webextension.screenshots@mozilla.org	WARN	Loading extension 'screenshots@mozilla.org': Reading manifest: Invalid extension permission: about:reader*
1565608928799	Marionette	INFO	Listening on port 55496
1565608928820	Marionette	WARN	TLS certificate errors will be ignored for this session
1565608989267	mozrunner::runner	INFO	Running command: "/Applications/Firefox.app/Contents/MacOS/firefox-bin" "-marionette" "-foreground" "-no-remote" "-profile" "/var/folders/dj/r_d53pv97qn6cb7zp_63kxxh0000gn/T/rust_mozprofile.FN0JuLybFKFm"
1565608989681	addons.webextension.screenshots@mozilla.org	WARN	Loading extension 'screenshots@mozilla.org': Reading manifest: Invalid extension permission: mozillaAddons
1565608989682	addons.webextension.screenshots@mozilla.org	WARN	Loading extension 'screenshots@mozilla.org': Reading manifest: Invalid extension permission: telemetry
1565608989682	addons.webextension.screenshots@mozilla.org	WARN	Loading extension 'screenshots@mozilla.org': Reading manifest: Invalid extension permission: resource://pdf.js/
1565608989682	addons.webextension.screenshots@mozilla.org	WARN	Loading extension 'screenshots@mozilla.org': Reading manifest: Invalid extension permission: about:reader*
1565608991217	Marionette	INFO	Listening on port 55573
1565608991307	Marionette	WARN	TLS certificate errors will be ignored for this session
console.error: BroadcastService: 
console.error: BroadcastService: 
  receivedBroadcastMessage: handler for
  remote-settings/monitor_changes
  threw error:
  receivedBroadcastMessage: handler for
  remote-settings/monitor_changes
  threw error:
  Message: Error: Polling for changes failed: http://%(server)s/dummy/blocklist//buckets/monitor/collections/changes/records?_expected=%221565395285947%22 is not a valid URL..
  Stack:
    remoteSettingsFunction/remoteSettings.pollChanges@resource://services-settings/remote-settings.js:201:13

  Message: Error: Polling for changes failed: http://%(server)s/dummy/blocklist//buckets/monitor/collections/changes/records?_expected=%221565395285947%22 is not a valid URL..
  Stack:
    remoteSettingsFunction/remoteSettings.pollChanges@resource://services-settings/remote-settings.js:201:13

1565609290063	mozrunner::runner	INFO	Running command: "/Applications/Firefox.app/Contents/MacOS/firefox-bin" "-marionette" "-foreground" "-no-remote" "-profile" "/var/folders/dj/r_d53pv97qn6cb7zp_63kxxh0000gn/T/rust_mozprofile.b8yGAcwcmy2g"
1565609290499	addons.webextension.screenshots@mozilla.org	WARN	Loading extension 'screenshots@mozilla.org': Reading manifest: Invalid extension permission: mozillaAddons
1565609290499	addons.webextension.screenshots@mozilla.org	WARN	Loading extension 'screenshots@mozilla.org': Reading manifest: Invalid extension permission: telemetry
1565609290499	addons.webextension.screenshots@mozilla.org	WARN	Loading extension 'screenshots@mozilla.org': Reading manifest: Invalid extension permission: resource://pdf.js/
1565609290499	addons.webextension.screenshots@mozilla.org	WARN	Loading extension 'screenshots@mozilla.org': Reading manifest: Invalid extension permission: about:reader*
1565609292032	Marionette	INFO	Listening on port 55655
1565609292119	Marionette	WARN	TLS certificate errors will be ignored for this session
1565609334698	mozrunner::runner	INFO	Running command: "/Applications/Firefox.app/Contents/MacOS/firefox-bin" "-marionette" "-foreground" "-no-remote" "-profile" "/var/folders/dj/r_d53pv97qn6cb7zp_63kxxh0000gn/T/rust_mozprofile.YeQ6trcw5uGN"
1565609335128	addons.webextension.screenshots@mozilla.org	WARN	Loading extension 'screenshots@mozilla.org': Reading manifest: Invalid extension permission: mozillaAddons
1565609335128	addons.webextension.screenshots@mozilla.org	WARN	Loading extension 'screenshots@mozilla.org': Reading manifest: Invalid extension permission: telemetry
1565609335128	addons.webextension.screenshots@mozilla.org	WARN	Loading extension 'screenshots@mozilla.org': Reading manifest: Invalid extension permission: resource://pdf.js/
1565609335128	addons.webextension.screenshots@mozilla.org	WARN	Loading extension 'screenshots@mozilla.org': Reading manifest: Invalid extension permission: about:reader*
1565609336801	Marionette	INFO	Listening on port 55731
1565609336843	Marionette	WARN	TLS certificate errors will be ignored for this session
1565609370355	mozrunner::runner	INFO	Running command: "/Applications/Firefox.app/Contents/MacOS/firefox-bin" "-marionette" "-foreground" "-no-remote" "-profile" "/var/folders/dj/r_d53pv97qn6cb7zp_63kxxh0000gn/T/rust_mozprofile.qymmyrOAScrG"
1565609370770	addons.webextension.screenshots@mozilla.org	WARN	Loading extension 'screenshots@mozilla.org': Reading manifest: Invalid extension permission: mozillaAddons
1565609370770	addons.webextension.screenshots@mozilla.org	WARN	Loading extension 'screenshots@mozilla.org': Reading manifest: Invalid extension permission: telemetry
1565609370770	addons.webextension.screenshots@mozilla.org	WARN	Loading extension 'screenshots@mozilla.org': Reading manifest: Invalid extension permission: resource://pdf.js/
1565609370770	addons.webextension.screenshots@mozilla.org	WARN	Loading extension 'screenshots@mozilla.org': Reading manifest: Invalid extension permission: about:reader*
1565609372320	Marionette	INFO	Listening on port 55806
1565609372390	Marionette	WARN	TLS certificate errors will be ignored for this session
JavaScript error: https://platform.twitter.com/widgets/widget_iframe.0639d67d95b7680840758b6833f06d87.html?origin=https%3A%2F%2Ffantasy.premierleague.com, line 12: Error: Network error.
1565609460114	mozrunner::runner	INFO	Running command: "/Applications/Firefox.app/Contents/MacOS/firefox-bin" "-marionette" "-foreground" "-no-remote" "-profile" "/var/folders/dj/r_d53pv97qn6cb7zp_63kxxh0000gn/T/rust_mozprofile.g4bI7Z1tL40X"
1565609460541	addons.webextension.screenshots@mozilla.org	WARN	Loading extension 'screenshots@mozilla.org': Reading manifest: Invalid extension permission: mozillaAddons
1565609460541	addons.webextension.screenshots@mozilla.org	WARN	Loading extension 'screenshots@mozilla.org': Reading manifest: Invalid extension permission: telemetry
1565609460541	addons.webextension.screenshots@mozilla.org	WARN	Loading extension 'screenshots@mozilla.org': Reading manifest: Invalid extension permission: resource://pdf.js/
1565609460541	addons.webextension.screenshots@mozilla.org	WARN	Loading extension 'screenshots@mozilla.org': Reading manifest: Invalid extension permission: about:reader*
1565609462095	Marionette	INFO	Listening on port 55883
1565609462177	Marionette	WARN	TLS certificate errors will be ignored for this session
console.error: BroadcastService: 
console.error: BroadcastService: 
console.error: BroadcastService: 
  receivedBroadcastMessage: handler for
  remote-settings/monitor_changes
  threw error:
  receivedBroadcastMessage: handler for
  receivedBroadcastMessage: handler for
  remote-settings/monitor_changes
  remote-settings/monitor_changes
  threw error:
  threw error:
  Message: Error: Polling for changes failed: http://%(server)s/dummy/blocklist//buckets/monitor/collections/changes/records?_expected=%221565395285947%22 is not a valid URL..
  Stack:
    remoteSettingsFunction/remoteSettings.pollChanges@resource://services-settings/remote-settings.js:201:13

  Message: Error: Polling for changes failed: http://%(server)s/dummy/blocklist//buckets/monitor/collections/changes/records?_expected=%221565395285947%22 is not a valid URL..
  Stack:
    remoteSettingsFunction/remoteSettings.pollChanges@resource://services-settings/remote-settings.js:201:13

  Message: Error: Polling for changes failed: http://%(server)s/dummy/blocklist//buckets/monitor/collections/changes/records?_expected=%221565395285947%22 is not a valid URL..
  Stack:
    remoteSettingsFunction/remoteSettings.pollChanges@resource://services-settings/remote-settings.js:201:13

1565609710623	mozrunner::runner	INFO	Running command: "/Applications/Firefox.app/Contents/MacOS/firefox-bin" "-marionette" "-foreground" "-no-remote" "-profile" "/var/folders/dj/r_d53pv97qn6cb7zp_63kxxh0000gn/T/rust_mozprofile.YHs8VcLwuehA"
1565609711073	addons.webextension.screenshots@mozilla.org	WARN	Loading extension 'screenshots@mozilla.org': Reading manifest: Invalid extension permission: mozillaAddons
1565609711074	addons.webextension.screenshots@mozilla.org	WARN	Loading extension 'screenshots@mozilla.org': Reading manifest: Invalid extension permission: telemetry
1565609711074	addons.webextension.screenshots@mozilla.org	WARN	Loading extension 'screenshots@mozilla.org': Reading manifest: Invalid extension permission: resource://pdf.js/
1565609711075	addons.webextension.screenshots@mozilla.org	WARN	Loading extension 'screenshots@mozilla.org': Reading manifest: Invalid extension permission: about:reader*
1565609712955	Marionette	INFO	Listening on port 56005
1565609712981	Marionette	WARN	TLS certificate errors will be ignored for this session
1565609763867	mozrunner::runner	INFO	Running command: "/Applications/Firefox.app/Contents/MacOS/firefox-bin" "-marionette" "-foreground" "-no-remote" "-profile" "/var/folders/dj/r_d53pv97qn6cb7zp_63kxxh0000gn/T/rust_mozprofile.LAZup2Lz1Elb"
1565609764317	addons.webextension.screenshots@mozilla.org	WARN	Loading extension 'screenshots@mozilla.org': Reading manifest: Invalid extension permission: mozillaAddons
1565609764317	addons.webextension.screenshots@mozilla.org	WARN	Loading extension 'screenshots@mozilla.org': Reading manifest: Invalid extension permission: telemetry
1565609764317	addons.webextension.screenshots@mozilla.org	WARN	Loading extension 'screenshots@mozilla.org': Reading manifest: Invalid extension permission: resource://pdf.js/
1565609764317	addons.webextension.screenshots@mozilla.org	WARN	Loading extension 'screenshots@mozilla.org': Reading manifest: Invalid extension permission: about:reader*
1565609765970	Marionette	INFO	Listening on port 56083
1565609766017	Marionette	WARN	TLS certificate errors will be ignored for this session
1565609782953	Marionette	INFO	Stopped listening on port 56083
console.error: BroadcastService: 
  receivedBroadcastMessage: handler for
  remote-settings/monitor_changes
  threw error:
  Message: Error: Polling for changes failed: http://%(server)s/dummy/blocklist//buckets/monitor/collections/changes/records?_expected=%221565395285947%22 is not a valid URL..
  Stack:
    remoteSettingsFunction/remoteSettings.pollChanges@resource://services-settings/remote-settings.js:201:13

1565612716637	Marionette	INFO	Stopped listening on port 56005
1565612717251	Marionette	INFO	Stopped listening on port 55883
1565612717654	Marionette	INFO	Stopped listening on port 55731
1565612718362	Marionette	INFO	Stopped listening on port 55655
1565612718855	Marionette	INFO	Stopped listening on port 55806
1565612719422	Marionette	INFO	Stopped listening on port 55573
1565612719886	Marionette	INFO	Stopped listening on port 55496
1565613851357	mozrunner::runner	INFO	Running command: "/Applications/Firefox.app/Contents/MacOS/firefox-bin" "-marionette" "-foreground" "-no-remote" "-profile" "/var/folders/dj/r_d53pv97qn6cb7zp_63kxxh0000gn/T/rust_mozprofile.7PQLvCZckfLM"
1565613851786	addons.webextension.screenshots@mozilla.org	WARN	Loading extension 'screenshots@mozilla.org': Reading manifest: Invalid extension permission: mozillaAddons
1565613851786	addons.webextension.screenshots@mozilla.org	WARN	Loading extension 'screenshots@mozilla.org': Reading manifest: Invalid extension permission: telemetry
1565613851786	addons.webextension.screenshots@mozilla.org	WARN	Loading extension 'screenshots@mozilla.org': Reading manifest: Invalid extension permission: resource://pdf.js/
1565613851786	addons.webextension.screenshots@mozilla.org	WARN	Loading extension 'screenshots@mozilla.org': Reading manifest: Invalid extension permission: about:reader*
1565613853370	Marionette	INFO	Listening on port 56586
1565613853409	Marionette	WARN	TLS certificate errors will be ignored for this session
[GFX1-]: Receive IPC close with reason=AbnormalShutdown
Exiting due to channel error.
Exiting due to channel error.
[GFX1-]: Receive IPC close with reason=AbnormalShutdown
[Child 2223, Chrome_ChildThread] WARNING: pipe error: Broken pipe: file /builds/worker/workspace/build/src/ipc/chromium/src/chrome/common/ipc_channel_posix.cc, line 727
Exiting due to channel error.
1565613987447	mozrunner::runner	INFO	Running command: "/Applications/Firefox.app/Contents/MacOS/firefox-bin" "-marionette" "-foreground" "-no-remote" "-profile" "/var/folders/dj/r_d53pv97qn6cb7zp_63kxxh0000gn/T/rust_mozprofile.G7dSMq5RDsb7"
1565613987852	addons.webextension.screenshots@mozilla.org	WARN	Loading extension 'screenshots@mozilla.org': Reading manifest: Invalid extension permission: mozillaAddons
1565613987853	addons.webextension.screenshots@mozilla.org	WARN	Loading extension 'screenshots@mozilla.org': Reading manifest: Invalid extension permission: telemetry
1565613987853	addons.webextension.screenshots@mozilla.org	WARN	Loading extension 'screenshots@mozilla.org': Reading manifest: Invalid extension permission: resource://pdf.js/
1565613987853	addons.webextension.screenshots@mozilla.org	WARN	Loading extension 'screenshots@mozilla.org': Reading manifest: Invalid extension permission: about:reader*
1565613989372	Marionette	INFO	Listening on port 56756
1565613989391	Marionette	WARN	TLS certificate errors will be ignored for this session
[GFX1-]: Receive IPC close with reason=AbnormalShutdown
[Child 2236, Chrome_ChildThread] WARNING: pipe error: Broken pipe: file /builds/worker/workspace/build/src/ipc/chromium/src/chrome/common/ipc_channel_posix.cc, line 727
Exiting due to channel error.
[GFX1-]: Receive IPC close with reason=AbnormalShutdown
Exiting due to channel error.
Exiting due to channel error.
1565615302409	mozrunner::runner	INFO	Running command: "/Applications/Firefox.app/Contents/MacOS/firefox-bin" "-marionette" "-foreground" "-no-remote" "-profile" "/var/folders/dj/r_d53pv97qn6cb7zp_63kxxh0000gn/T/rust_mozprofile.q5sPLRaP4mZq"
1565615302824	addons.webextension.screenshots@mozilla.org	WARN	Loading extension 'screenshots@mozilla.org': Reading manifest: Invalid extension permission: mozillaAddons
1565615302824	addons.webextension.screenshots@mozilla.org	WARN	Loading extension 'screenshots@mozilla.org': Reading manifest: Invalid extension permission: telemetry
1565615302825	addons.webextension.screenshots@mozilla.org	WARN	Loading extension 'screenshots@mozilla.org': Reading manifest: Invalid extension permission: resource://pdf.js/
1565615302825	addons.webextension.screenshots@mozilla.org	WARN	Loading extension 'screenshots@mozilla.org': Reading manifest: Invalid extension permission: about:reader*
1565615304450	Marionette	INFO	Listening on port 57893
1565615304477	Marionette	WARN	TLS certificate errors will be ignored for this session
1565615408100	mozrunner::runner	INFO	Running command: "/Applications/Firefox.app/Contents/MacOS/firefox-bin" "-marionette" "-foreground" "-no-remote" "-profile" "/var/folders/dj/r_d53pv97qn6cb7zp_63kxxh0000gn/T/rust_mozprofile.SedY26H3X4qf"
1565615408534	addons.webextension.screenshots@mozilla.org	WARN	Loading extension 'screenshots@mozilla.org': Reading manifest: Invalid extension permission: mozillaAddons
1565615408534	addons.webextension.screenshots@mozilla.org	WARN	Loading extension 'screenshots@mozilla.org': Reading manifest: Invalid extension permission: telemetry
1565615408534	addons.webextension.screenshots@mozilla.org	WARN	Loading extension 'screenshots@mozilla.org': Reading manifest: Invalid extension permission: resource://pdf.js/
1565615408534	addons.webextension.screenshots@mozilla.org	WARN	Loading extension 'screenshots@mozilla.org': Reading manifest: Invalid extension permission: about:reader*
1565615410071	Marionette	INFO	Listening on port 58180
1565615410161	Marionette	WARN	TLS certificate errors will be ignored for this session
1565615427254	Marionette	INFO	Stopped listening on port 58180
1565615521398	mozrunner::runner	INFO	Running command: "/Applications/Firefox.app/Contents/MacOS/firefox-bin" "-marionette" "-foreground" "-no-remote" "-profile" "/var/folders/dj/r_d53pv97qn6cb7zp_63kxxh0000gn/T/rust_mozprofile.vhAQkT3OY01F"
1565615521845	addons.webextension.screenshots@mozilla.org	WARN	Loading extension 'screenshots@mozilla.org': Reading manifest: Invalid extension permission: mozillaAddons
1565615521845	addons.webextension.screenshots@mozilla.org	WARN	Loading extension 'screenshots@mozilla.org': Reading manifest: Invalid extension permission: telemetry
1565615521845	addons.webextension.screenshots@mozilla.org	WARN	Loading extension 'screenshots@mozilla.org': Reading manifest: Invalid extension permission: resource://pdf.js/
1565615521845	addons.webextension.screenshots@mozilla.org	WARN	Loading extension 'screenshots@mozilla.org': Reading manifest: Invalid extension permission: about:reader*
1565615523428	Marionette	INFO	Listening on port 58319
1565615523452	Marionette	WARN	TLS certificate errors will be ignored for this session
console.error: BroadcastService: 
  receivedBroadcastMessage: handler for
  remote-settings/monitor_changes
  threw error:
  Message: Error: Polling for changes failed: http://%(server)s/dummy/blocklist//buckets/monitor/collections/changes/records?_expected=%221565395285947%22 is not a valid URL..
  Stack:
    remoteSettingsFunction/remoteSettings.pollChanges@resource://services-settings/remote-settings.js:201:13

1565615600226	mozrunner::runner	INFO	Running command: "/Applications/Firefox.app/Contents/MacOS/firefox-bin" "-marionette" "-foreground" "-no-remote" "-profile" "/var/folders/dj/r_d53pv97qn6cb7zp_63kxxh0000gn/T/rust_mozprofile.uR9Fi9KJT1ds"
1565615600655	addons.webextension.screenshots@mozilla.org	WARN	Loading extension 'screenshots@mozilla.org': Reading manifest: Invalid extension permission: mozillaAddons
1565615600656	addons.webextension.screenshots@mozilla.org	WARN	Loading extension 'screenshots@mozilla.org': Reading manifest: Invalid extension permission: telemetry
1565615600656	addons.webextension.screenshots@mozilla.org	WARN	Loading extension 'screenshots@mozilla.org': Reading manifest: Invalid extension permission: resource://pdf.js/
1565615600656	addons.webextension.screenshots@mozilla.org	WARN	Loading extension 'screenshots@mozilla.org': Reading manifest: Invalid extension permission: about:reader*
1565615602211	Marionette	INFO	Listening on port 58446
1565615602270	Marionette	WARN	TLS certificate errors will be ignored for this session
1565615618577	Marionette	INFO	Stopped listening on port 58446
1565616823404	mozrunner::runner	INFO	Running command: "/Applications/Firefox.app/Contents/MacOS/firefox-bin" "-marionette" "-foreground" "-no-remote" "-profile" "/var/folders/dj/r_d53pv97qn6cb7zp_63kxxh0000gn/T/rust_mozprofile.ykjWHXhC2o8u"
1565616823838	addons.webextension.screenshots@mozilla.org	WARN	Loading extension 'screenshots@mozilla.org': Reading manifest: Invalid extension permission: mozillaAddons
1565616823838	addons.webextension.screenshots@mozilla.org	WARN	Loading extension 'screenshots@mozilla.org': Reading manifest: Invalid extension permission: telemetry
1565616823839	addons.webextension.screenshots@mozilla.org	WARN	Loading extension 'screenshots@mozilla.org': Reading manifest: Invalid extension permission: resource://pdf.js/
1565616823839	addons.webextension.screenshots@mozilla.org	WARN	Loading extension 'screenshots@mozilla.org': Reading manifest: Invalid extension permission: about:reader*
1565616825394	Marionette	INFO	Listening on port 59465
1565616825455	Marionette	WARN	TLS certificate errors will be ignored for this session
[GFX1-]: Receive IPC close with reason=AbnormalShutdown
Exiting due to channel error.
Exiting due to channel error.
Exiting due to channel error.
1565617026337	mozrunner::runner	INFO	Running command: "/Applications/Firefox.app/Contents/MacOS/firefox-bin" "-marionette" "-foreground" "-no-remote" "-profile" "/var/folders/dj/r_d53pv97qn6cb7zp_63kxxh0000gn/T/rust_mozprofile.DqrhZtUkjuUu"
1565617026781	addons.webextension.screenshots@mozilla.org	WARN	Loading extension 'screenshots@mozilla.org': Reading manifest: Invalid extension permission: mozillaAddons
1565617026782	addons.webextension.screenshots@mozilla.org	WARN	Loading extension 'screenshots@mozilla.org': Reading manifest: Invalid extension permission: telemetry
1565617026782	addons.webextension.screenshots@mozilla.org	WARN	Loading extension 'screenshots@mozilla.org': Reading manifest: Invalid extension permission: resource://pdf.js/
1565617026782	addons.webextension.screenshots@mozilla.org	WARN	Loading extension 'screenshots@mozilla.org': Reading manifest: Invalid extension permission: about:reader*
1565617028332	Marionette	INFO	Listening on port 59645
1565617028382	Marionette	WARN	TLS certificate errors will be ignored for this session
[GFX1-]: Receive IPC close with reason=AbnormalShutdown
[Child 2370, Chrome_ChildThread] WARNING: pipe error: Broken pipe: file /builds/worker/workspace/build/src/ipc/chromium/src/chrome/common/ipc_channel_posix.cc, line 727
Exiting due to channel error.
[GFX1-]: Receive IPC close with reason=AbnormalShutdown
Exiting due to channel error.
Exiting due to channel error.
1565617053908	mozrunner::runner	INFO	Running command: "/Applications/Firefox.app/Contents/MacOS/firefox-bin" "-marionette" "-foreground" "-no-remote" "-profile" "/var/folders/dj/r_d53pv97qn6cb7zp_63kxxh0000gn/T/rust_mozprofile.ATt9gDQ7TrTq"
1565617054395	addons.webextension.screenshots@mozilla.org	WARN	Loading extension 'screenshots@mozilla.org': Reading manifest: Invalid extension permission: mozillaAddons
1565617054395	addons.webextension.screenshots@mozilla.org	WARN	Loading extension 'screenshots@mozilla.org': Reading manifest: Invalid extension permission: telemetry
1565617054395	addons.webextension.screenshots@mozilla.org	WARN	Loading extension 'screenshots@mozilla.org': Reading manifest: Invalid extension permission: resource://pdf.js/
1565617054395	addons.webextension.screenshots@mozilla.org	WARN	Loading extension 'screenshots@mozilla.org': Reading manifest: Invalid extension permission: about:reader*
1565617056086	Marionette	INFO	Listening on port 59794
1565617056157	Marionette	WARN	TLS certificate errors will be ignored for this session
[GFX1-]: Receive IPC close with reason=AbnormalShutdown
[Child 2378, Chrome_ChildThread] WARNING: pipe error: Broken pipe: file /builds/worker/workspace/build/src/ipc/chromium/src/chrome/common/ipc_channel_posix.cc, line 727
Exiting due to channel error.
[GFX1-]: Receive IPC close with reason=AbnormalShutdown
[Child 2377, Chrome_ChildThread] WARNING: pipe error: Broken pipe: file /builds/worker/workspace/build/src/ipc/chromium/src/chrome/common/ipc_channel_posix.cc, line 727
Exiting due to channel error.
Exiting due to channel error.
1565617106327	mozrunner::runner	INFO	Running command: "/Applications/Firefox.app/Contents/MacOS/firefox-bin" "-marionette" "-foreground" "-no-remote" "-profile" "/var/folders/dj/r_d53pv97qn6cb7zp_63kxxh0000gn/T/rust_mozprofile.byPt7WoPYVpt"
1565617106743	addons.webextension.screenshots@mozilla.org	WARN	Loading extension 'screenshots@mozilla.org': Reading manifest: Invalid extension permission: mozillaAddons
1565617106743	addons.webextension.screenshots@mozilla.org	WARN	Loading extension 'screenshots@mozilla.org': Reading manifest: Invalid extension permission: telemetry
1565617106744	addons.webextension.screenshots@mozilla.org	WARN	Loading extension 'screenshots@mozilla.org': Reading manifest: Invalid extension permission: resource://pdf.js/
1565617106744	addons.webextension.screenshots@mozilla.org	WARN	Loading extension 'screenshots@mozilla.org': Reading manifest: Invalid extension permission: about:reader*
1565617108263	Marionette	INFO	Listening on port 59927
1565617108279	Marionette	WARN	TLS certificate errors will be ignored for this session
1565617124804	Marionette	INFO	Stopped listening on port 59927
1565617204655	mozrunner::runner	INFO	Running command: "/Applications/Firefox.app/Contents/MacOS/firefox-bin" "-marionette" "-foreground" "-no-remote" "-profile" "/var/folders/dj/r_d53pv97qn6cb7zp_63kxxh0000gn/T/rust_mozprofile.EYKa4oXYDU5n"
1565617205080	addons.webextension.screenshots@mozilla.org	WARN	Loading extension 'screenshots@mozilla.org': Reading manifest: Invalid extension permission: mozillaAddons
1565617205080	addons.webextension.screenshots@mozilla.org	WARN	Loading extension 'screenshots@mozilla.org': Reading manifest: Invalid extension permission: telemetry
1565617205081	addons.webextension.screenshots@mozilla.org	WARN	Loading extension 'screenshots@mozilla.org': Reading manifest: Invalid extension permission: resource://pdf.js/
1565617205081	addons.webextension.screenshots@mozilla.org	WARN	Loading extension 'screenshots@mozilla.org': Reading manifest: Invalid extension permission: about:reader*
1565617206616	Marionette	INFO	Listening on port 60021
1565617206715	Marionette	WARN	TLS certificate errors will be ignored for this session
1565617252893	mozrunner::runner	INFO	Running command: "/Applications/Firefox.app/Contents/MacOS/firefox-bin" "-marionette" "-foreground" "-no-remote" "-profile" "/var/folders/dj/r_d53pv97qn6cb7zp_63kxxh0000gn/T/rust_mozprofile.ld26jVMB92SJ"
1565617253316	addons.webextension.screenshots@mozilla.org	WARN	Loading extension 'screenshots@mozilla.org': Reading manifest: Invalid extension permission: mozillaAddons
1565617253316	addons.webextension.screenshots@mozilla.org	WARN	Loading extension 'screenshots@mozilla.org': Reading manifest: Invalid extension permission: telemetry
1565617253316	addons.webextension.screenshots@mozilla.org	WARN	Loading extension 'screenshots@mozilla.org': Reading manifest: Invalid extension permission: resource://pdf.js/
1565617253316	addons.webextension.screenshots@mozilla.org	WARN	Loading extension 'screenshots@mozilla.org': Reading manifest: Invalid extension permission: about:reader*
1565617254848	Marionette	INFO	Listening on port 60094
1565617254944	Marionette	WARN	TLS certificate errors will be ignored for this session
1565617295063	mozrunner::runner	INFO	Running command: "/Applications/Firefox.app/Contents/MacOS/firefox-bin" "-marionette" "-foreground" "-no-remote" "-profile" "/var/folders/dj/r_d53pv97qn6cb7zp_63kxxh0000gn/T/rust_mozprofile.JPYZTTXdThnn"
1565617295489	addons.webextension.screenshots@mozilla.org	WARN	Loading extension 'screenshots@mozilla.org': Reading manifest: Invalid extension permission: mozillaAddons
1565617295490	addons.webextension.screenshots@mozilla.org	WARN	Loading extension 'screenshots@mozilla.org': Reading manifest: Invalid extension permission: telemetry
1565617295490	addons.webextension.screenshots@mozilla.org	WARN	Loading extension 'screenshots@mozilla.org': Reading manifest: Invalid extension permission: resource://pdf.js/
1565617295490	addons.webextension.screenshots@mozilla.org	WARN	Loading extension 'screenshots@mozilla.org': Reading manifest: Invalid extension permission: about:reader*
1565617297142	Marionette	INFO	Listening on port 60302
1565617297205	Marionette	WARN	TLS certificate errors will be ignored for this session
console.error: BroadcastService: 
console.error: BroadcastService: 
  receivedBroadcastMessage: handler for
  remote-settings/monitor_changes
  threw error:
  Message: Error: Polling for changes failed: http://%(server)s/dummy/blocklist//buckets/monitor/collections/changes/records?_expected=%221565395285947%22 is not a valid URL..
  Stack:
    remoteSettingsFunction/remoteSettings.pollChanges@resource://services-settings/remote-settings.js:201:13

  receivedBroadcastMessage: handler for
  remote-settings/monitor_changes
  threw error:
  Message: Error: Polling for changes failed: http://%(server)s/dummy/blocklist//buckets/monitor/collections/changes/records?_expected=%221565395285947%22 is not a valid URL..
  Stack:
    remoteSettingsFunction/remoteSettings.pollChanges@resource://services-settings/remote-settings.js:201:13

console.error: BroadcastService: 
  receivedBroadcastMessage: handler for
  remote-settings/monitor_changes
  threw error:
  Message: Error: Polling for changes failed: http://%(server)s/dummy/blocklist//buckets/monitor/collections/changes/records?_expected=%221565395285947%22 is not a valid URL..
  Stack:
    remoteSettingsFunction/remoteSettings.pollChanges@resource://services-settings/remote-settings.js:201:13

1565617401556	mozrunner::runner	INFO	Running command: "/Applications/Firefox.app/Contents/MacOS/firefox-bin" "-marionette" "-foreground" "-no-remote" "-profile" "/var/folders/dj/r_d53pv97qn6cb7zp_63kxxh0000gn/T/rust_mozprofile.TvgEtLEMUSt7"
1565617402003	addons.webextension.screenshots@mozilla.org	WARN	Loading extension 'screenshots@mozilla.org': Reading manifest: Invalid extension permission: mozillaAddons
1565617402003	addons.webextension.screenshots@mozilla.org	WARN	Loading extension 'screenshots@mozilla.org': Reading manifest: Invalid extension permission: telemetry
1565617402003	addons.webextension.screenshots@mozilla.org	WARN	Loading extension 'screenshots@mozilla.org': Reading manifest: Invalid extension permission: resource://pdf.js/
1565617402003	addons.webextension.screenshots@mozilla.org	WARN	Loading extension 'screenshots@mozilla.org': Reading manifest: Invalid extension permission: about:reader*
1565617403584	Marionette	INFO	Listening on port 60420
1565617403600	Marionette	WARN	TLS certificate errors will be ignored for this session
1565617421283	Marionette	INFO	Stopped listening on port 60420
1565617449295	Marionette	INFO	Stopped listening on port 60302
1565617450050	Marionette	INFO	Stopped listening on port 60094
1565617450332	Marionette	INFO	Stopped listening on port 60021
1565617450913	Marionette	INFO	Stopped listening on port 58319
1565617451404	Marionette	INFO	Stopped listening on port 57893
1565619171677	mozrunner::runner	INFO	Running command: "/Applications/Firefox.app/Contents/MacOS/firefox-bin" "-marionette" "-foreground" "-no-remote" "-profile" "/var/folders/dj/r_d53pv97qn6cb7zp_63kxxh0000gn/T/rust_mozprofile.m5SQHAfRlFj4"
1565619172123	addons.webextension.screenshots@mozilla.org	WARN	Loading extension 'screenshots@mozilla.org': Reading manifest: Invalid extension permission: mozillaAddons
1565619172123	addons.webextension.screenshots@mozilla.org	WARN	Loading extension 'screenshots@mozilla.org': Reading manifest: Invalid extension permission: telemetry
1565619172123	addons.webextension.screenshots@mozilla.org	WARN	Loading extension 'screenshots@mozilla.org': Reading manifest: Invalid extension permission: resource://pdf.js/
1565619172123	addons.webextension.screenshots@mozilla.org	WARN	Loading extension 'screenshots@mozilla.org': Reading manifest: Invalid extension permission: about:reader*
1565619173761	Marionette	INFO	Listening on port 61557
1565619173827	Marionette	WARN	TLS certificate errors will be ignored for this session
1565619193627	Marionette	INFO	Stopped listening on port 61557
1565619344156	mozrunner::runner	INFO	Running command: "/Applications/Firefox.app/Contents/MacOS/firefox-bin" "-marionette" "-foreground" "-no-remote" "-profile" "/var/folders/dj/r_d53pv97qn6cb7zp_63kxxh0000gn/T/rust_mozprofile.4vkwQ3JKGu2w"
1565619344564	addons.webextension.screenshots@mozilla.org	WARN	Loading extension 'screenshots@mozilla.org': Reading manifest: Invalid extension permission: mozillaAddons
1565619344564	addons.webextension.screenshots@mozilla.org	WARN	Loading extension 'screenshots@mozilla.org': Reading manifest: Invalid extension permission: telemetry
1565619344564	addons.webextension.screenshots@mozilla.org	WARN	Loading extension 'screenshots@mozilla.org': Reading manifest: Invalid extension permission: resource://pdf.js/
1565619344564	addons.webextension.screenshots@mozilla.org	WARN	Loading extension 'screenshots@mozilla.org': Reading manifest: Invalid extension permission: about:reader*
1565619346110	Marionette	INFO	Listening on port 61645
1565619346209	Marionette	WARN	TLS certificate errors will be ignored for this session
1565619362952	Marionette	INFO	Stopped listening on port 61645
1565619901627	mozrunner::runner	INFO	Running command: "/Applications/Firefox.app/Contents/MacOS/firefox-bin" "-marionette" "-foreground" "-no-remote" "-profile" "/var/folders/dj/r_d53pv97qn6cb7zp_63kxxh0000gn/T/rust_mozprofile.AL5ua61gLi1x"
1565619902031	addons.webextension.screenshots@mozilla.org	WARN	Loading extension 'screenshots@mozilla.org': Reading manifest: Invalid extension permission: mozillaAddons
1565619902031	addons.webextension.screenshots@mozilla.org	WARN	Loading extension 'screenshots@mozilla.org': Reading manifest: Invalid extension permission: telemetry
1565619902031	addons.webextension.screenshots@mozilla.org	WARN	Loading extension 'screenshots@mozilla.org': Reading manifest: Invalid extension permission: resource://pdf.js/
1565619902031	addons.webextension.screenshots@mozilla.org	WARN	Loading extension 'screenshots@mozilla.org': Reading manifest: Invalid extension permission: about:reader*
1565619903541	Marionette	INFO	Listening on port 62002
1565619903576	Marionette	WARN	TLS certificate errors will be ignored for this session
1565619921022	Marionette	INFO	Stopped listening on port 62002
1565620010317	mozrunner::runner	INFO	Running command: "/Applications/Firefox.app/Contents/MacOS/firefox-bin" "-marionette" "-foreground" "-no-remote" "-profile" "/var/folders/dj/r_d53pv97qn6cb7zp_63kxxh0000gn/T/rust_mozprofile.FdZD6AwiOg1D"
1565620010721	addons.webextension.screenshots@mozilla.org	WARN	Loading extension 'screenshots@mozilla.org': Reading manifest: Invalid extension permission: mozillaAddons
1565620010721	addons.webextension.screenshots@mozilla.org	WARN	Loading extension 'screenshots@mozilla.org': Reading manifest: Invalid extension permission: telemetry
1565620010721	addons.webextension.screenshots@mozilla.org	WARN	Loading extension 'screenshots@mozilla.org': Reading manifest: Invalid extension permission: resource://pdf.js/
1565620010721	addons.webextension.screenshots@mozilla.org	WARN	Loading extension 'screenshots@mozilla.org': Reading manifest: Invalid extension permission: about:reader*
1565620012271	Marionette	INFO	Listening on port 62113
1565620012279	Marionette	WARN	TLS certificate errors will be ignored for this session
1565620031709	Marionette	INFO	Stopped listening on port 62113
1565622599508	mozrunner::runner	INFO	Running command: "/Applications/Firefox.app/Contents/MacOS/firefox-bin" "-marionette" "-foreground" "-no-remote" "-profile" "/var/folders/dj/r_d53pv97qn6cb7zp_63kxxh0000gn/T/rust_mozprofile.Pgt2uzaRwhaH"
1565622600086	addons.webextension.screenshots@mozilla.org	WARN	Loading extension 'screenshots@mozilla.org': Reading manifest: Invalid extension permission: mozillaAddons
1565622600086	addons.webextension.screenshots@mozilla.org	WARN	Loading extension 'screenshots@mozilla.org': Reading manifest: Invalid extension permission: telemetry
1565622600086	addons.webextension.screenshots@mozilla.org	WARN	Loading extension 'screenshots@mozilla.org': Reading manifest: Invalid extension permission: resource://pdf.js/
1565622600086	addons.webextension.screenshots@mozilla.org	WARN	Loading extension 'screenshots@mozilla.org': Reading manifest: Invalid extension permission: about:reader*
1565622601685	Marionette	INFO	Listening on port 62519
1565622601765	Marionette	WARN	TLS certificate errors will be ignored for this session
console.error: BroadcastService: 
  receivedBroadcastMessage: handler for
  remote-settings/monitor_changes
  threw error:
  Message: Error: Polling for changes failed: http://%(server)s/dummy/blocklist//buckets/monitor/collections/changes/records?_expected=%221565395285947%22 is not a valid URL..
  Stack:
    remoteSettingsFunction/remoteSettings.pollChanges@resource://services-settings/remote-settings.js:201:13

1565622627830	Marionette	INFO	Stopped listening on port 62519
1565622805498	mozrunner::runner	INFO	Running command: "/Applications/Firefox.app/Contents/MacOS/firefox-bin" "-marionette" "-foreground" "-no-remote" "-profile" "/var/folders/dj/r_d53pv97qn6cb7zp_63kxxh0000gn/T/rust_mozprofile.ryl31AgPViQr"
1565622805955	addons.webextension.screenshots@mozilla.org	WARN	Loading extension 'screenshots@mozilla.org': Reading manifest: Invalid extension permission: mozillaAddons
1565622805955	addons.webextension.screenshots@mozilla.org	WARN	Loading extension 'screenshots@mozilla.org': Reading manifest: Invalid extension permission: telemetry
1565622805955	addons.webextension.screenshots@mozilla.org	WARN	Loading extension 'screenshots@mozilla.org': Reading manifest: Invalid extension permission: resource://pdf.js/
1565622805955	addons.webextension.screenshots@mozilla.org	WARN	Loading extension 'screenshots@mozilla.org': Reading manifest: Invalid extension permission: about:reader*
1565622807672	Marionette	INFO	Listening on port 62607
1565622807763	Marionette	WARN	TLS certificate errors will be ignored for this session
console.error: BroadcastService: 
  receivedBroadcastMessage: handler for
  remote-settings/monitor_changes
  threw error:
  Message: Error: Polling for changes failed: http://%(server)s/dummy/blocklist//buckets/monitor/collections/changes/records?_expected=%221565395285947%22 is not a valid URL..
  Stack:
    remoteSettingsFunction/remoteSettings.pollChanges@resource://services-settings/remote-settings.js:201:13

1565622840983	Marionette	INFO	Stopped listening on port 62607
