1658749366923	mozrunner::runner	INFO	Running command: "/Applications/Firefox.app/Contents/MacOS/firefox-bin" "-marionette" "-foreground" "-no-remote" "-profile" "/var/folders/dj/r_d53pv97qn6cb7zp_63kxxh0000gn/T/rust_mozprofile.Xb6jrqvh9x47"
2022-07-25 12:42:47.362 plugin-container[95428:1904830] nil host used in call to allowsSpecificHTTPSCertificateForHost
2022-07-25 12:42:47.362 plugin-container[95428:1904830] nil host used in call to allowsAnyHTTPSCertificateForHost:
2022-07-25 12:42:47.365 plugin-container[95428:1904830] nil host used in call to allowsSpecificHTTPSCertificateForHost
2022-07-25 12:42:47.365 plugin-container[95428:1904830] nil host used in call to allowsAnyHTTPSCertificateForHost:
2022-07-25 12:42:47.366 plugin-container[95428:1904853] nil host used in call to allowsSpecificHTTPSCertificateForHost
2022-07-25 12:42:47.366 plugin-container[95428:1904853] nil host used in call to allowsAnyHTTPSCertificateForHost:
1658749367375	Marionette	INFO	Marionette enabled
1658749367407	Marionette	INFO	Listening on port 57457
1658749367883	RemoteAgent	WARN	TLS certificate errors will be ignored for this session
console.warn: SearchSettings: "get: No settings file exists, new profile?" (new NotFoundError("Could not open the file at /var/folders/dj/r_d53pv97qn6cb7zp_63kxxh0000gn/T/rust_mozprofile.Xb6jrqvh9x47/search.json.mozlz4", (void 0)))
JavaScript error: https://www.premierleague.com/resources/prod/v6.98.1-4068/ism/js/tcf-cmp.min.js, line 8: GVLError: aborted
2022-07-25 11:42:57.137 plugin-container[95451:1905446] nil host used in call to allowsSpecificHTTPSCertificateForHost
2022-07-25 11:42:57.137 plugin-container[95451:1905446] nil host used in call to allowsAnyHTTPSCertificateForHost:
2022-07-25 11:42:57.140 plugin-container[95451:1905446] nil host used in call to allowsSpecificHTTPSCertificateForHost
2022-07-25 11:42:57.140 plugin-container[95451:1905446] nil host used in call to allowsAnyHTTPSCertificateForHost:
2022-07-25 11:42:57.140 plugin-container[95451:1905447] nil host used in call to allowsSpecificHTTPSCertificateForHost
2022-07-25 11:42:57.140 plugin-container[95451:1905447] nil host used in call to allowsAnyHTTPSCertificateForHost:
JavaScript error: https://www.premierleague.com/resources/prod/v6.98.1-4068/ism/js/tcf-cmp.min.js, line 8: GVLError: aborted
1658749378619	Marionette	WARN	Ignoring event 'DOMContentLoaded' because document has an invalid readyState of 'complete'.
JavaScript error: https://www.premierleague.com/resources/prod/v6.98.1-4068/ism/js/tcf-cmp.min.js, line 8: GVLError: aborted
1658749398218	Marionette	INFO	Stopped listening on port 57457
